2019-04-03 17:01:31,298 - test_login - INFO - 登录，测试完成
2019-04-03 17:01:31,298 - test_login - INFO - 登录，测试完成
2019-04-03 17:01:38,357 - test_AddLuckys - INFO - 测试完成
2019-04-03 17:01:38,389 - test_login - INFO - 登录，测试完成
2019-04-03 17:01:38,389 - test_login - INFO - 登录，测试完成
2019-04-03 17:01:38,418 - test_login - INFO - 登录，测试完成
2019-04-03 17:01:38,418 - test_login - INFO - 登录，测试完成
2019-04-03 17:01:44,263 - test_AddPasswords - INFO - 测试完成
2019-04-03 17:01:44,295 - test_login - INFO - 登录，测试完成
2019-04-03 17:01:44,295 - test_login - INFO - 登录，测试完成
2019-04-03 17:01:44,324 - test_login - INFO - 登录，测试完成
2019-04-03 17:01:44,324 - test_login - INFO - 登录，测试完成
2019-04-03 17:01:45,397 - test_Collects - INFO - 测试完成
2019-04-03 17:01:45,427 - test_login - INFO - 登录，测试完成
2019-04-03 17:01:45,427 - test_login - INFO - 登录，测试完成
2019-04-03 17:01:45,454 - test_login - INFO - 登录，测试完成
2019-04-03 17:01:45,454 - test_login - INFO - 登录，测试完成
2019-04-03 17:01:45,740 - test_Comments - INFO - 测试完成
2019-04-03 17:01:45,770 - test_login - INFO - 登录，测试完成
2019-04-03 17:01:45,770 - test_login - INFO - 登录，测试完成
2019-04-03 17:01:45,799 - test_login - INFO - 登录，测试完成
2019-04-03 17:01:45,799 - test_login - INFO - 登录，测试完成
2019-04-03 17:01:47,232 - test_Ewms - INFO - 测试完成
2019-04-03 17:01:47,261 - test_login - INFO - 登录，测试完成
2019-04-03 17:01:47,261 - test_login - INFO - 登录，测试完成
2019-04-03 17:01:47,317 - test_login - INFO - 登录，测试完成
2019-04-03 17:01:47,317 - test_login - INFO - 登录，测试完成
2019-04-03 17:01:47,620 - test_Feedbacks - INFO - 测试完成
2019-04-03 17:01:47,647 - test_login - INFO - 登录，测试完成
2019-04-03 17:01:47,647 - test_login - INFO - 登录，测试完成
2019-04-03 17:01:47,681 - test_login - INFO - 登录，测试完成
2019-04-03 17:01:47,681 - test_login - INFO - 登录，测试完成
2019-04-03 17:01:49,128 - test_login - INFO - 登录，测试完成
2019-04-03 17:01:49,128 - test_login - INFO - 登录，测试完成
2019-04-03 17:01:49,159 - test_login - INFO - 登录，测试完成
2019-04-03 17:01:49,159 - test_login - INFO - 登录，测试完成
2019-04-03 17:01:49,189 - test_login - INFO - 登录，测试完成
2019-04-03 17:01:49,189 - test_login - INFO - 登录，测试完成
2019-04-03 17:01:49,496 - test_Messages - INFO - 测试完成
2019-04-03 17:01:49,528 - test_login - INFO - 登录，测试完成
2019-04-03 17:01:49,528 - test_login - INFO - 登录，测试完成
2019-04-03 17:01:49,558 - test_login - INFO - 登录，测试完成
2019-04-03 17:01:49,558 - test_login - INFO - 登录，测试完成
2019-04-03 17:01:49,880 - test_MyCitys - INFO - 测试完成
2019-04-03 17:01:49,908 - test_login - INFO - 登录，测试完成
2019-04-03 17:01:49,908 - test_login - INFO - 登录，测试完成
2019-04-03 17:01:49,954 - test_login - INFO - 登录，测试完成
2019-04-03 17:01:49,954 - test_login - INFO - 登录，测试完成
2019-04-03 17:01:51,545 - test_My_advertisings - INFO - 测试完成
2019-04-03 17:01:51,572 - test_login - INFO - 登录，测试完成
2019-04-03 17:01:51,572 - test_login - INFO - 登录，测试完成
2019-04-03 17:01:51,607 - test_login - INFO - 登录，测试完成
2019-04-03 17:01:51,607 - test_login - INFO - 登录，测试完成
2019-04-03 17:01:52,210 - test_MyKsbs - INFO - 测试完成
2019-04-03 17:01:52,240 - test_login - INFO - 登录，测试完成
2019-04-03 17:01:52,240 - test_login - INFO - 登录，测试完成
2019-04-03 17:01:52,272 - test_login - INFO - 登录，测试完成
2019-04-03 17:01:52,272 - test_login - INFO - 登录，测试完成
2019-04-03 17:01:53,957 - test_Payments - INFO - 测试完成
2019-04-03 17:01:53,957 - test_Payments - INFO - 测试完成
2019-04-03 17:01:53,988 - test_login - INFO - 登录，测试完成
2019-04-03 17:01:53,988 - test_login - INFO - 登录，测试完成
2019-04-03 17:01:54,016 - test_login - INFO - 登录，测试完成
2019-04-03 17:01:54,016 - test_login - INFO - 登录，测试完成
2019-04-03 17:02:00,869 - test_Payments - INFO - 测试完成
2019-04-03 17:02:00,869 - test_Payments - INFO - 测试完成
2019-04-03 17:02:00,902 - test_login - INFO - 登录，测试完成
2019-04-03 17:02:00,902 - test_login - INFO - 登录，测试完成
2019-04-03 17:02:00,932 - test_login - INFO - 登录，测试完成
2019-04-03 17:02:00,932 - test_login - INFO - 登录，测试完成
2019-04-03 17:02:01,534 - test_RedPackets - INFO - 测试完成
2019-04-03 17:02:01,562 - test_login - INFO - 登录，测试完成
2019-04-03 17:02:01,562 - test_login - INFO - 登录，测试完成
2019-04-03 17:02:01,593 - test_login - INFO - 登录，测试完成
2019-04-03 17:02:01,593 - test_login - INFO - 登录，测试完成
2019-04-03 17:02:03,384 - test_SecurityCenters - INFO - 测试完成
2019-04-03 17:02:03,413 - test_login - INFO - 登录，测试完成
2019-04-03 17:02:03,413 - test_login - INFO - 登录，测试完成
2019-04-03 17:02:03,442 - test_login - INFO - 登录，测试完成
2019-04-03 17:02:03,442 - test_login - INFO - 登录，测试完成
2019-04-03 17:02:03,686 - test_login - INFO - 登录，测试完成
2019-04-03 17:02:03,686 - test_login - INFO - 登录，测试完成
2019-04-03 17:02:03,714 - test_login - INFO - 登录，测试完成
2019-04-03 17:02:03,714 - test_login - INFO - 登录，测试完成
2019-04-03 17:02:04,039 - test_Squares - INFO - 测试完成
2019-04-03 17:02:04,071 - test_login - INFO - 登录，测试完成
2019-04-03 17:02:04,071 - test_login - INFO - 登录，测试完成
2019-04-03 17:02:04,098 - test_login - INFO - 登录，测试完成
2019-04-03 17:02:04,098 - test_login - INFO - 登录，测试完成
2019-04-03 17:02:04,368 - test_Welfares - INFO - 测试完成
2019-04-03 17:02:04,397 - test_login - INFO - 登录，测试完成
2019-04-03 17:02:04,397 - test_login - INFO - 登录，测试完成
