2019-04-03 16:41:57,302 - test_login - INFO - 登录，测试完成
2019-04-03 16:41:57,302 - test_login - INFO - 登录，测试完成
2019-04-03 16:42:04,181 - test_AddLuckys - INFO - 测试完成
2019-04-03 16:42:04,214 - test_login - INFO - 登录，测试完成
2019-04-03 16:42:04,214 - test_login - INFO - 登录，测试完成
2019-04-03 16:42:04,247 - test_login - INFO - 登录，测试完成
2019-04-03 16:42:04,247 - test_login - INFO - 登录，测试完成
2019-04-03 16:42:10,043 - test_AddPasswords - INFO - 测试完成
2019-04-03 16:42:10,075 - test_login - INFO - 登录，测试完成
2019-04-03 16:42:10,075 - test_login - INFO - 登录，测试完成
2019-04-03 16:42:10,109 - test_login - INFO - 登录，测试完成
2019-04-03 16:42:10,109 - test_login - INFO - 登录，测试完成
2019-04-03 16:42:11,097 - test_Collects - INFO - 测试完成
2019-04-03 16:42:11,126 - test_login - INFO - 登录，测试完成
2019-04-03 16:42:11,126 - test_login - INFO - 登录，测试完成
2019-04-03 16:42:11,156 - test_login - INFO - 登录，测试完成
2019-04-03 16:42:11,156 - test_login - INFO - 登录，测试完成
2019-04-03 16:42:11,437 - test_Comments - INFO - 测试完成
2019-04-03 16:42:11,469 - test_login - INFO - 登录，测试完成
2019-04-03 16:42:11,469 - test_login - INFO - 登录，测试完成
2019-04-03 16:42:11,499 - test_login - INFO - 登录，测试完成
2019-04-03 16:42:11,499 - test_login - INFO - 登录，测试完成
2019-04-03 16:42:12,783 - test_login - INFO - 登录，测试完成
2019-04-03 16:42:12,783 - test_login - INFO - 登录，测试完成
2019-04-03 16:42:12,811 - test_login - INFO - 登录，测试完成
2019-04-03 16:42:12,811 - test_login - INFO - 登录，测试完成
2019-04-03 16:42:13,117 - test_Feedbacks - INFO - 测试完成
2019-04-03 16:42:13,149 - test_login - INFO - 登录，测试完成
2019-04-03 16:42:13,149 - test_login - INFO - 登录，测试完成
2019-04-03 16:42:13,729 - test_login - INFO - 登录，测试完成
2019-04-03 16:42:13,729 - test_login - INFO - 登录，测试完成
2019-04-03 16:42:13,761 - test_login - INFO - 登录，测试完成
2019-04-03 16:42:13,761 - test_login - INFO - 登录，测试完成
2019-04-03 16:42:13,789 - test_login - INFO - 登录，测试完成
2019-04-03 16:42:13,789 - test_login - INFO - 登录，测试完成
2019-04-03 16:42:14,109 - test_Messages - INFO - 测试完成
2019-04-03 16:42:14,141 - test_login - INFO - 登录，测试完成
2019-04-03 16:42:14,141 - test_login - INFO - 登录，测试完成
2019-04-03 16:42:14,173 - test_login - INFO - 登录，测试完成
2019-04-03 16:42:14,173 - test_login - INFO - 登录，测试完成
2019-04-03 16:42:14,496 - test_MyCitys - INFO - 测试完成
2019-04-03 16:42:14,527 - test_login - INFO - 登录，测试完成
2019-04-03 16:42:14,527 - test_login - INFO - 登录，测试完成
2019-04-03 16:42:14,559 - test_login - INFO - 登录，测试完成
2019-04-03 16:42:14,559 - test_login - INFO - 登录，测试完成
2019-04-03 16:42:16,103 - test_My_advertisings - INFO - 测试完成
2019-04-03 16:42:16,133 - test_login - INFO - 登录，测试完成
2019-04-03 16:42:16,133 - test_login - INFO - 登录，测试完成
2019-04-03 16:42:16,166 - test_login - INFO - 登录，测试完成
2019-04-03 16:42:16,166 - test_login - INFO - 登录，测试完成
2019-04-03 16:42:16,783 - test_MyKsbs - INFO - 测试完成
2019-04-03 16:42:16,815 - test_login - INFO - 登录，测试完成
2019-04-03 16:42:16,815 - test_login - INFO - 登录，测试完成
2019-04-03 16:42:16,846 - test_login - INFO - 登录，测试完成
2019-04-03 16:42:16,846 - test_login - INFO - 登录，测试完成
2019-04-03 16:42:18,645 - test_Payments - INFO - 测试完成
2019-04-03 16:42:18,645 - test_Payments - INFO - 测试完成
2019-04-03 16:42:18,678 - test_login - INFO - 登录，测试完成
2019-04-03 16:42:18,678 - test_login - INFO - 登录，测试完成
2019-04-03 16:42:18,707 - test_login - INFO - 登录，测试完成
2019-04-03 16:42:18,707 - test_login - INFO - 登录，测试完成
2019-04-03 16:42:25,759 - test_Payments - INFO - 测试完成
2019-04-03 16:42:25,759 - test_Payments - INFO - 测试完成
2019-04-03 16:42:25,792 - test_login - INFO - 登录，测试完成
2019-04-03 16:42:25,792 - test_login - INFO - 登录，测试完成
2019-04-03 16:42:25,838 - test_login - INFO - 登录，测试完成
2019-04-03 16:42:25,838 - test_login - INFO - 登录，测试完成
2019-04-03 16:42:26,462 - test_RedPackets - INFO - 测试完成
2019-04-03 16:42:26,493 - test_login - INFO - 登录，测试完成
2019-04-03 16:42:26,493 - test_login - INFO - 登录，测试完成
2019-04-03 16:42:26,530 - test_login - INFO - 登录，测试完成
2019-04-03 16:42:26,530 - test_login - INFO - 登录，测试完成
2019-04-03 16:42:28,461 - test_SecurityCenters - INFO - 测试完成
2019-04-03 16:42:28,495 - test_login - INFO - 登录，测试完成
2019-04-03 16:42:28,495 - test_login - INFO - 登录，测试完成
2019-04-03 16:42:28,527 - test_login - INFO - 登录，测试完成
2019-04-03 16:42:28,527 - test_login - INFO - 登录，测试完成
2019-04-03 16:42:28,819 - test_ShippingAddresses - INFO - 测试完成
2019-04-03 16:42:28,851 - test_login - INFO - 登录，测试完成
2019-04-03 16:42:28,851 - test_login - INFO - 登录，测试完成
2019-04-03 16:42:28,883 - test_login - INFO - 登录，测试完成
2019-04-03 16:42:28,883 - test_login - INFO - 登录，测试完成
2019-04-03 16:42:29,221 - test_Squares - INFO - 测试完成
2019-04-03 16:42:29,252 - test_login - INFO - 登录，测试完成
2019-04-03 16:42:29,252 - test_login - INFO - 登录，测试完成
2019-04-03 16:42:29,284 - test_login - INFO - 登录，测试完成
2019-04-03 16:42:29,284 - test_login - INFO - 登录，测试完成
2019-04-03 16:42:29,577 - test_Welfares - INFO - 测试完成
2019-04-03 16:42:29,608 - test_login - INFO - 登录，测试完成
2019-04-03 16:42:29,608 - test_login - INFO - 登录，测试完成
