2019-04-03 16:56:23,803 - test_login - INFO - 登录，测试完成
2019-04-03 16:56:23,803 - test_login - INFO - 登录，测试完成
2019-04-03 16:56:30,678 - test_AddLuckys - INFO - 测试完成
2019-04-03 16:56:30,708 - test_login - INFO - 登录，测试完成
2019-04-03 16:56:30,708 - test_login - INFO - 登录，测试完成
2019-04-03 16:56:30,739 - test_login - INFO - 登录，测试完成
2019-04-03 16:56:30,739 - test_login - INFO - 登录，测试完成
2019-04-03 16:56:36,426 - test_AddPasswords - INFO - 测试完成
2019-04-03 16:56:36,456 - test_login - INFO - 登录，测试完成
2019-04-03 16:56:36,456 - test_login - INFO - 登录，测试完成
2019-04-03 16:56:36,487 - test_login - INFO - 登录，测试完成
2019-04-03 16:56:36,487 - test_login - INFO - 登录，测试完成
2019-04-03 16:56:37,547 - test_Collects - INFO - 测试完成
2019-04-03 16:56:37,578 - test_login - INFO - 登录，测试完成
2019-04-03 16:56:37,578 - test_login - INFO - 登录，测试完成
2019-04-03 16:56:37,607 - test_login - INFO - 登录，测试完成
2019-04-03 16:56:37,607 - test_login - INFO - 登录，测试完成
2019-04-03 16:56:37,889 - test_Comments - INFO - 测试完成
2019-04-03 16:56:38,389 - test_login - INFO - 登录，测试完成
2019-04-03 16:56:38,389 - test_login - INFO - 登录，测试完成
2019-04-03 16:56:38,421 - test_login - INFO - 登录，测试完成
2019-04-03 16:56:38,421 - test_login - INFO - 登录，测试完成
2019-04-03 16:56:39,924 - test_Ewms - INFO - 测试完成
2019-04-03 16:56:39,956 - test_login - INFO - 登录，测试完成
2019-04-03 16:56:39,956 - test_login - INFO - 登录，测试完成
2019-04-03 16:56:39,985 - test_login - INFO - 登录，测试完成
2019-04-03 16:56:39,985 - test_login - INFO - 登录，测试完成
2019-04-03 16:56:40,291 - test_Feedbacks - INFO - 测试完成
2019-04-03 16:56:40,322 - test_login - INFO - 登录，测试完成
2019-04-03 16:56:40,322 - test_login - INFO - 登录，测试完成
2019-04-03 16:56:40,351 - test_login - INFO - 登录，测试完成
2019-04-03 16:56:40,351 - test_login - INFO - 登录，测试完成
2019-04-03 16:56:43,308 - test_Informations - INFO - 测试完成
2019-04-03 16:56:43,339 - test_login - INFO - 登录，测试完成
2019-04-03 16:56:43,339 - test_login - INFO - 登录，测试完成
2019-04-03 16:56:43,372 - test_login - INFO - 登录，测试完成
2019-04-03 16:56:43,372 - test_login - INFO - 登录，测试完成
2019-04-03 16:56:43,412 - test_login - INFO - 登录，测试完成
2019-04-03 16:56:43,412 - test_login - INFO - 登录，测试完成
2019-04-03 16:56:43,714 - test_Messages - INFO - 测试完成
2019-04-03 16:56:43,744 - test_login - INFO - 登录，测试完成
2019-04-03 16:56:43,744 - test_login - INFO - 登录，测试完成
2019-04-03 16:56:43,772 - test_login - INFO - 登录，测试完成
2019-04-03 16:56:43,772 - test_login - INFO - 登录，测试完成
2019-04-03 16:56:44,122 - test_MyCitys - INFO - 测试完成
2019-04-03 16:56:44,178 - test_login - INFO - 登录，测试完成
2019-04-03 16:56:44,178 - test_login - INFO - 登录，测试完成
2019-04-03 16:56:44,233 - test_login - INFO - 登录，测试完成
2019-04-03 16:56:44,233 - test_login - INFO - 登录，测试完成
2019-04-03 16:56:44,687 - test_login - INFO - 登录，测试完成
2019-04-03 16:56:44,687 - test_login - INFO - 登录，测试完成
2019-04-03 16:56:44,721 - test_login - INFO - 登录，测试完成
2019-04-03 16:56:44,721 - test_login - INFO - 登录，测试完成
2019-04-03 16:56:45,288 - test_MyKsbs - INFO - 测试完成
2019-04-03 16:56:45,319 - test_login - INFO - 登录，测试完成
2019-04-03 16:56:45,319 - test_login - INFO - 登录，测试完成
2019-04-03 16:56:45,346 - test_login - INFO - 登录，测试完成
2019-04-03 16:56:45,346 - test_login - INFO - 登录，测试完成
2019-04-03 16:56:46,984 - test_Payments - INFO - 测试完成
2019-04-03 16:56:46,984 - test_Payments - INFO - 测试完成
2019-04-03 16:56:47,042 - test_login - INFO - 登录，测试完成
2019-04-03 16:56:47,042 - test_login - INFO - 登录，测试完成
2019-04-03 16:56:47,096 - test_login - INFO - 登录，测试完成
2019-04-03 16:56:47,096 - test_login - INFO - 登录，测试完成
2019-04-03 16:56:54,654 - test_Payments - INFO - 测试完成
2019-04-03 16:56:54,654 - test_Payments - INFO - 测试完成
2019-04-03 16:56:54,716 - test_login - INFO - 登录，测试完成
2019-04-03 16:56:54,716 - test_login - INFO - 登录，测试完成
2019-04-03 16:56:54,752 - test_login - INFO - 登录，测试完成
2019-04-03 16:56:54,752 - test_login - INFO - 登录，测试完成
2019-04-03 16:56:55,393 - test_RedPackets - INFO - 测试完成
2019-04-03 16:56:55,425 - test_login - INFO - 登录，测试完成
2019-04-03 16:56:55,425 - test_login - INFO - 登录，测试完成
2019-04-03 16:56:55,453 - test_login - INFO - 登录，测试完成
2019-04-03 16:56:55,453 - test_login - INFO - 登录，测试完成
2019-04-03 16:56:57,268 - test_SecurityCenters - INFO - 测试完成
2019-04-03 16:56:57,303 - test_login - INFO - 登录，测试完成
2019-04-03 16:56:57,303 - test_login - INFO - 登录，测试完成
2019-04-03 16:56:57,332 - test_login - INFO - 登录，测试完成
2019-04-03 16:56:57,332 - test_login - INFO - 登录，测试完成
2019-04-03 16:56:57,622 - test_ShippingAddresses - INFO - 测试完成
2019-04-03 16:56:57,652 - test_login - INFO - 登录，测试完成
2019-04-03 16:56:57,652 - test_login - INFO - 登录，测试完成
2019-04-03 16:56:57,684 - test_login - INFO - 登录，测试完成
2019-04-03 16:56:57,684 - test_login - INFO - 登录，测试完成
2019-04-03 16:56:58,008 - test_Squares - INFO - 测试完成
2019-04-03 16:56:58,038 - test_login - INFO - 登录，测试完成
2019-04-03 16:56:58,038 - test_login - INFO - 登录，测试完成
2019-04-03 16:56:58,069 - test_login - INFO - 登录，测试完成
2019-04-03 16:56:58,069 - test_login - INFO - 登录，测试完成
2019-04-03 16:56:58,354 - test_Welfares - INFO - 测试完成
2019-04-03 16:56:58,389 - test_login - INFO - 登录，测试完成
2019-04-03 16:56:58,389 - test_login - INFO - 登录，测试完成
