2019-04-03 17:57:51,003 - test_login - INFO - 登录，测试完成
2019-04-03 17:57:51,003 - test_login - INFO - 登录，测试完成
2019-04-03 17:57:58,008 - test_AddLuckys - INFO - 测试完成
2019-04-03 17:57:58,035 - test_login - INFO - 登录，测试完成
2019-04-03 17:57:58,035 - test_login - INFO - 登录，测试完成
2019-04-03 17:57:58,081 - test_login - INFO - 登录，测试完成
2019-04-03 17:57:58,081 - test_login - INFO - 登录，测试完成
2019-04-03 17:58:03,753 - test_AddPasswords - INFO - 测试完成
2019-04-03 17:58:03,783 - test_login - INFO - 登录，测试完成
2019-04-03 17:58:03,783 - test_login - INFO - 登录，测试完成
2019-04-03 17:58:03,815 - test_login - INFO - 登录，测试完成
2019-04-03 17:58:03,815 - test_login - INFO - 登录，测试完成
2019-04-03 17:58:04,843 - test_Collects - INFO - 测试完成
2019-04-03 17:58:04,871 - test_login - INFO - 登录，测试完成
2019-04-03 17:58:04,871 - test_login - INFO - 登录，测试完成
2019-04-03 17:58:04,901 - test_login - INFO - 登录，测试完成
2019-04-03 17:58:04,901 - test_login - INFO - 登录，测试完成
2019-04-03 17:58:05,185 - test_Comments - INFO - 测试完成
2019-04-03 17:58:05,212 - test_login - INFO - 登录，测试完成
2019-04-03 17:58:05,212 - test_login - INFO - 登录，测试完成
2019-04-03 17:58:05,241 - test_login - INFO - 登录，测试完成
2019-04-03 17:58:05,241 - test_login - INFO - 登录，测试完成
2019-04-03 17:58:06,762 - test_Ewms - INFO - 测试完成
2019-04-03 17:58:06,794 - test_login - INFO - 登录，测试完成
2019-04-03 17:58:06,794 - test_login - INFO - 登录，测试完成
2019-04-03 17:58:06,821 - test_login - INFO - 登录，测试完成
2019-04-03 17:58:06,821 - test_login - INFO - 登录，测试完成
2019-04-03 17:58:07,127 - test_Feedbacks - INFO - 测试完成
2019-04-03 17:58:07,159 - test_login - INFO - 登录，测试完成
2019-04-03 17:58:07,159 - test_login - INFO - 登录，测试完成
2019-04-03 17:58:07,189 - test_login - INFO - 登录，测试完成
2019-04-03 17:58:07,189 - test_login - INFO - 登录，测试完成
2019-04-03 17:58:10,154 - test_Informations - INFO - 测试完成
2019-04-03 17:58:10,183 - test_login - INFO - 登录，测试完成
2019-04-03 17:58:10,183 - test_login - INFO - 登录，测试完成
2019-04-03 17:58:10,213 - test_login - INFO - 登录，测试完成
2019-04-03 17:58:10,213 - test_login - INFO - 登录，测试完成
2019-04-03 17:58:10,243 - test_login - INFO - 登录，测试完成
2019-04-03 17:58:10,243 - test_login - INFO - 登录，测试完成
2019-04-03 17:58:10,554 - test_Messages - INFO - 测试完成
2019-04-03 17:58:10,583 - test_login - INFO - 登录，测试完成
2019-04-03 17:58:10,583 - test_login - INFO - 登录，测试完成
2019-04-03 17:58:10,612 - test_login - INFO - 登录，测试完成
2019-04-03 17:58:10,612 - test_login - INFO - 登录，测试完成
2019-04-03 17:58:10,948 - test_MyCitys - INFO - 测试完成
2019-04-03 17:58:10,976 - test_login - INFO - 登录，测试完成
2019-04-03 17:58:10,976 - test_login - INFO - 登录，测试完成
2019-04-03 17:58:11,005 - test_login - INFO - 登录，测试完成
2019-04-03 17:58:11,005 - test_login - INFO - 登录，测试完成
2019-04-03 17:58:12,549 - test_My_advertisings - INFO - 测试完成
2019-04-03 17:58:12,581 - test_login - INFO - 登录，测试完成
2019-04-03 17:58:12,581 - test_login - INFO - 登录，测试完成
2019-04-03 17:58:12,611 - test_login - INFO - 登录，测试完成
2019-04-03 17:58:12,611 - test_login - INFO - 登录，测试完成
2019-04-03 17:58:13,168 - test_MyKsbs - INFO - 测试完成
2019-04-03 17:58:13,199 - test_login - INFO - 登录，测试完成
2019-04-03 17:58:13,199 - test_login - INFO - 登录，测试完成
2019-04-03 17:58:13,225 - test_login - INFO - 登录，测试完成
2019-04-03 17:58:13,225 - test_login - INFO - 登录，测试完成
2019-04-03 17:58:14,878 - test_Payments - INFO - 测试完成
2019-04-03 17:58:14,878 - test_Payments - INFO - 测试完成
2019-04-03 17:58:14,908 - test_login - INFO - 登录，测试完成
2019-04-03 17:58:14,908 - test_login - INFO - 登录，测试完成
2019-04-03 17:58:14,937 - test_login - INFO - 登录，测试完成
2019-04-03 17:58:14,937 - test_login - INFO - 登录，测试完成
2019-04-03 17:58:21,788 - test_Payments - INFO - 测试完成
2019-04-03 17:58:21,788 - test_Payments - INFO - 测试完成
2019-04-03 17:58:21,820 - test_login - INFO - 登录，测试完成
2019-04-03 17:58:21,820 - test_login - INFO - 登录，测试完成
2019-04-03 17:58:21,847 - test_login - INFO - 登录，测试完成
2019-04-03 17:58:21,847 - test_login - INFO - 登录，测试完成
2019-04-03 17:58:22,471 - test_RedPackets - INFO - 测试完成
2019-04-03 17:58:22,501 - test_login - INFO - 登录，测试完成
2019-04-03 17:58:22,501 - test_login - INFO - 登录，测试完成
2019-04-03 17:58:22,527 - test_login - INFO - 登录，测试完成
2019-04-03 17:58:22,527 - test_login - INFO - 登录，测试完成
2019-04-03 17:58:24,306 - test_SecurityCenters - INFO - 测试完成
2019-04-03 17:58:24,337 - test_login - INFO - 登录，测试完成
2019-04-03 17:58:24,337 - test_login - INFO - 登录，测试完成
2019-04-03 17:58:24,368 - test_login - INFO - 登录，测试完成
2019-04-03 17:58:24,368 - test_login - INFO - 登录，测试完成
2019-04-03 17:58:24,671 - test_ShippingAddresses - INFO - 测试完成
2019-04-03 17:58:24,703 - test_login - INFO - 登录，测试完成
2019-04-03 17:58:24,703 - test_login - INFO - 登录，测试完成
2019-04-03 17:58:24,739 - test_login - INFO - 登录，测试完成
2019-04-03 17:58:24,739 - test_login - INFO - 登录，测试完成
2019-04-03 17:58:25,048 - test_Squares - INFO - 测试完成
2019-04-03 17:58:25,076 - test_login - INFO - 登录，测试完成
2019-04-03 17:58:25,076 - test_login - INFO - 登录，测试完成
2019-04-03 17:58:25,106 - test_login - INFO - 登录，测试完成
2019-04-03 17:58:25,106 - test_login - INFO - 登录，测试完成
2019-04-03 17:58:25,406 - test_Welfares - INFO - 测试完成
2019-04-03 17:58:25,434 - test_login - INFO - 登录，测试完成
2019-04-03 17:58:25,434 - test_login - INFO - 登录，测试完成
