2019-04-19 09:56:35,966 - test_login - INFO - 登录，测试完成
2019-04-19 09:56:35,966 - test_login - INFO - 登录，测试完成
2019-04-19 09:56:44,710 - test_AddLuckys - INFO - 测试完成
2019-04-19 09:56:44,755 - test_login - INFO - 登录，测试完成
2019-04-19 09:56:44,755 - test_login - INFO - 登录，测试完成
2019-04-19 09:56:44,799 - test_login - INFO - 登录，测试完成
2019-04-19 09:56:44,799 - test_login - INFO - 登录，测试完成
2019-04-19 09:56:47,348 - test_login - INFO - 登录，测试完成
2019-04-19 09:56:47,348 - test_login - INFO - 登录，测试完成
2019-04-19 09:56:47,416 - test_login - INFO - 登录，测试完成
2019-04-19 09:56:47,416 - test_login - INFO - 登录，测试完成
2019-04-19 09:56:48,548 - test_Collects - INFO - 测试完成
2019-04-19 09:56:48,581 - test_login - INFO - 登录，测试完成
2019-04-19 09:56:48,581 - test_login - INFO - 登录，测试完成
2019-04-19 09:56:48,621 - test_login - INFO - 登录，测试完成
2019-04-19 09:56:48,621 - test_login - INFO - 登录，测试完成
2019-04-19 09:56:48,931 - test_Comments - INFO - 测试完成
2019-04-19 09:56:48,970 - test_login - INFO - 登录，测试完成
2019-04-19 09:56:48,970 - test_login - INFO - 登录，测试完成
2019-04-19 09:56:49,010 - test_login - INFO - 登录，测试完成
2019-04-19 09:56:49,010 - test_login - INFO - 登录，测试完成
2019-04-19 09:56:50,689 - test_Ewms - INFO - 测试完成
2019-04-19 09:56:50,735 - test_login - INFO - 登录，测试完成
2019-04-19 09:56:50,735 - test_login - INFO - 登录，测试完成
2019-04-19 09:56:50,773 - test_login - INFO - 登录，测试完成
2019-04-19 09:56:50,773 - test_login - INFO - 登录，测试完成
2019-04-19 09:56:51,253 - test_Feedbacks - INFO - 测试完成
2019-04-19 09:56:51,291 - test_login - INFO - 登录，测试完成
2019-04-19 09:56:51,291 - test_login - INFO - 登录，测试完成
2019-04-19 09:56:51,323 - test_login - INFO - 登录，测试完成
2019-04-19 09:56:51,323 - test_login - INFO - 登录，测试完成
2019-04-19 09:56:54,516 - test_Informations - INFO - 测试完成
2019-04-19 09:56:54,554 - test_login - INFO - 登录，测试完成
2019-04-19 09:56:54,554 - test_login - INFO - 登录，测试完成
2019-04-19 09:56:54,589 - test_login - INFO - 登录，测试完成
2019-04-19 09:56:54,589 - test_login - INFO - 登录，测试完成
2019-04-19 09:56:54,632 - test_login - INFO - 登录，测试完成
2019-04-19 09:56:54,632 - test_login - INFO - 登录，测试完成
2019-04-19 09:56:54,950 - test_Messages - INFO - 测试完成
2019-04-19 09:56:54,984 - test_login - INFO - 登录，测试完成
2019-04-19 09:56:54,984 - test_login - INFO - 登录，测试完成
2019-04-19 09:56:55,017 - test_login - INFO - 登录，测试完成
2019-04-19 09:56:55,017 - test_login - INFO - 登录，测试完成
2019-04-19 09:56:55,413 - test_MyCitys - INFO - 测试完成
2019-04-19 09:56:55,451 - test_login - INFO - 登录，测试完成
2019-04-19 09:56:55,451 - test_login - INFO - 登录，测试完成
2019-04-19 09:56:55,488 - test_login - INFO - 登录，测试完成
2019-04-19 09:56:55,488 - test_login - INFO - 登录，测试完成
2019-04-19 09:56:57,121 - test_My_advertisings - INFO - 测试完成
2019-04-19 09:56:57,156 - test_login - INFO - 登录，测试完成
2019-04-19 09:56:57,156 - test_login - INFO - 登录，测试完成
2019-04-19 09:56:57,189 - test_login - INFO - 登录，测试完成
2019-04-19 09:56:57,189 - test_login - INFO - 登录，测试完成
2019-04-19 09:56:58,024 - test_MyKsbs - INFO - 测试完成
2019-04-19 09:56:58,062 - test_login - INFO - 登录，测试完成
2019-04-19 09:56:58,062 - test_login - INFO - 登录，测试完成
2019-04-19 09:56:58,556 - test_login - INFO - 登录，测试完成
2019-04-19 09:56:58,556 - test_login - INFO - 登录，测试完成
2019-04-19 09:56:58,589 - test_login - INFO - 登录，测试完成
2019-04-19 09:56:58,589 - test_login - INFO - 登录，测试完成
2019-04-19 09:57:01,267 - test_login - INFO - 登录，测试完成
2019-04-19 09:57:01,267 - test_login - INFO - 登录，测试完成
2019-04-19 09:57:01,312 - test_login - INFO - 登录，测试完成
2019-04-19 09:57:01,312 - test_login - INFO - 登录，测试完成
2019-04-19 09:57:02,133 - test_RedPackets - INFO - 测试完成
2019-04-19 09:57:02,168 - test_login - INFO - 登录，测试完成
2019-04-19 09:57:02,168 - test_login - INFO - 登录，测试完成
2019-04-19 09:57:02,201 - test_login - INFO - 登录，测试完成
2019-04-19 09:57:02,201 - test_login - INFO - 登录，测试完成
2019-04-19 09:57:02,728 - test_login - INFO - 登录，测试完成
2019-04-19 09:57:02,728 - test_login - INFO - 登录，测试完成
2019-04-19 09:57:02,757 - test_login - INFO - 登录，测试完成
2019-04-19 09:57:02,757 - test_login - INFO - 登录，测试完成
2019-04-19 09:57:03,188 - test_ShippingAddresses - INFO - 测试完成
2019-04-19 09:57:03,220 - test_login - INFO - 登录，测试完成
2019-04-19 09:57:03,220 - test_login - INFO - 登录，测试完成
2019-04-19 09:57:03,254 - test_login - INFO - 登录，测试完成
2019-04-19 09:57:03,254 - test_login - INFO - 登录，测试完成
2019-04-19 09:57:03,599 - test_Squares - INFO - 测试完成
2019-04-19 09:57:03,634 - test_login - INFO - 登录，测试完成
2019-04-19 09:57:03,634 - test_login - INFO - 登录，测试完成
2019-04-19 09:57:03,666 - test_login - INFO - 登录，测试完成
2019-04-19 09:57:03,666 - test_login - INFO - 登录，测试完成
2019-04-19 09:57:03,978 - test_Welfares - INFO - 测试完成
2019-04-19 09:57:04,012 - test_login - INFO - 登录，测试完成
2019-04-19 09:57:04,012 - test_login - INFO - 登录，测试完成
2019-04-19 09:57:04,044 - test_login - INFO - 登录，测试完成
2019-04-19 09:57:04,044 - test_login - INFO - 登录，测试完成
2019-04-19 09:57:04,077 - test_login - INFO - 登录，测试完成
2019-04-19 09:57:04,077 - test_login - INFO - 登录，测试完成
2019-04-19 09:57:04,776 - test_withdrawDeposits - INFO - 测试完成
