2019-04-03 14:48:01,484 - test_login - INFO - 登录，测试完成
2019-04-03 14:48:01,484 - test_login - INFO - 登录，测试完成
2019-04-03 14:48:09,026 - test_AddLuckys - INFO - 测试完成
2019-04-03 14:48:09,081 - test_login - INFO - 登录，测试完成
2019-04-03 14:48:09,081 - test_login - INFO - 登录，测试完成
2019-04-03 14:48:09,176 - test_login - INFO - 登录，测试完成
2019-04-03 14:48:09,176 - test_login - INFO - 登录，测试完成
2019-04-03 14:48:14,993 - test_AddPasswords - INFO - 测试完成
2019-04-03 14:48:15,026 - test_login - INFO - 登录，测试完成
2019-04-03 14:48:15,026 - test_login - INFO - 登录，测试完成
2019-04-03 14:48:15,061 - test_login - INFO - 登录，测试完成
2019-04-03 14:48:15,061 - test_login - INFO - 登录，测试完成
2019-04-03 14:48:16,025 - test_Collects - INFO - 测试完成
2019-04-03 14:48:16,055 - test_login - INFO - 登录，测试完成
2019-04-03 14:48:16,055 - test_login - INFO - 登录，测试完成
2019-04-03 14:48:16,096 - test_login - INFO - 登录，测试完成
2019-04-03 14:48:16,096 - test_login - INFO - 登录，测试完成
2019-04-03 14:48:16,366 - test_Comments - INFO - 测试完成
2019-04-03 14:48:16,397 - test_login - INFO - 登录，测试完成
2019-04-03 14:48:16,397 - test_login - INFO - 登录，测试完成
2019-04-03 14:48:16,432 - test_login - INFO - 登录，测试完成
2019-04-03 14:48:16,432 - test_login - INFO - 登录，测试完成
2019-04-03 14:48:17,823 - test_Ewms - INFO - 测试完成
2019-04-03 14:48:17,860 - test_login - INFO - 登录，测试完成
2019-04-03 14:48:17,860 - test_login - INFO - 登录，测试完成
2019-04-03 14:48:17,891 - test_login - INFO - 登录，测试完成
2019-04-03 14:48:17,891 - test_login - INFO - 登录，测试完成
2019-04-03 14:48:18,230 - test_Feedbacks - INFO - 测试完成
2019-04-03 14:48:18,263 - test_login - INFO - 登录，测试完成
2019-04-03 14:48:18,263 - test_login - INFO - 登录，测试完成
2019-04-03 14:48:18,301 - test_login - INFO - 登录，测试完成
2019-04-03 14:48:18,301 - test_login - INFO - 登录，测试完成
2019-04-03 14:48:18,571 - test_Informations - INFO - 测试完成
2019-04-03 14:48:18,605 - test_login - INFO - 登录，测试完成
2019-04-03 14:48:18,605 - test_login - INFO - 登录，测试完成
2019-04-03 14:48:18,640 - test_login - INFO - 登录，测试完成
2019-04-03 14:48:18,640 - test_login - INFO - 登录，测试完成
2019-04-03 14:48:18,674 - test_login - INFO - 登录，测试完成
2019-04-03 14:48:18,674 - test_login - INFO - 登录，测试完成
2019-04-03 14:48:19,044 - test_Messages - INFO - 测试完成
2019-04-03 14:48:19,074 - test_login - INFO - 登录，测试完成
2019-04-03 14:48:19,074 - test_login - INFO - 登录，测试完成
2019-04-03 14:48:19,107 - test_login - INFO - 登录，测试完成
2019-04-03 14:48:19,107 - test_login - INFO - 登录，测试完成
2019-04-03 14:48:19,437 - test_MyCitys - INFO - 测试完成
2019-04-03 14:48:19,470 - test_login - INFO - 登录，测试完成
2019-04-03 14:48:19,470 - test_login - INFO - 登录，测试完成
2019-04-03 14:48:19,503 - test_login - INFO - 登录，测试完成
2019-04-03 14:48:19,503 - test_login - INFO - 登录，测试完成
2019-04-03 14:48:20,092 - test_MyKsbs - INFO - 测试完成
2019-04-03 14:48:20,125 - test_login - INFO - 登录，测试完成
2019-04-03 14:48:20,125 - test_login - INFO - 登录，测试完成
2019-04-03 14:48:20,161 - test_login - INFO - 登录，测试完成
2019-04-03 14:48:20,161 - test_login - INFO - 登录，测试完成
2019-04-03 14:48:21,713 - test_Payments - INFO - 测试完成
2019-04-03 14:48:21,713 - test_Payments - INFO - 测试完成
2019-04-03 14:48:21,742 - test_login - INFO - 登录，测试完成
2019-04-03 14:48:21,742 - test_login - INFO - 登录，测试完成
2019-04-03 14:48:21,775 - test_login - INFO - 登录，测试完成
2019-04-03 14:48:21,775 - test_login - INFO - 登录，测试完成
2019-04-03 14:48:28,073 - test_Payments - INFO - 测试完成
2019-04-03 14:48:28,073 - test_Payments - INFO - 测试完成
2019-04-03 14:48:28,115 - test_login - INFO - 登录，测试完成
2019-04-03 14:48:28,115 - test_login - INFO - 登录，测试完成
2019-04-03 14:48:28,159 - test_login - INFO - 登录，测试完成
2019-04-03 14:48:28,159 - test_login - INFO - 登录，测试完成
2019-04-03 14:48:28,740 - test_RedPackets - INFO - 测试完成
2019-04-03 14:48:28,773 - test_login - INFO - 登录，测试完成
2019-04-03 14:48:28,773 - test_login - INFO - 登录，测试完成
2019-04-03 14:48:28,805 - test_login - INFO - 登录，测试完成
2019-04-03 14:48:28,805 - test_login - INFO - 登录，测试完成
2019-04-03 14:48:29,788 - test_SecurityCenters - INFO - 测试完成
2019-04-03 14:48:29,820 - test_login - INFO - 登录，测试完成
2019-04-03 14:48:29,820 - test_login - INFO - 登录，测试完成
2019-04-03 14:48:29,854 - test_login - INFO - 登录，测试完成
2019-04-03 14:48:29,854 - test_login - INFO - 登录，测试完成
2019-04-03 14:48:30,178 - test_ShippingAddresses - INFO - 测试完成
2019-04-03 14:48:30,210 - test_login - INFO - 登录，测试完成
2019-04-03 14:48:30,210 - test_login - INFO - 登录，测试完成
2019-04-03 14:48:30,239 - test_login - INFO - 登录，测试完成
2019-04-03 14:48:30,239 - test_login - INFO - 登录，测试完成
2019-04-03 14:48:30,561 - test_Squares - INFO - 测试完成
2019-04-03 14:48:30,596 - test_login - INFO - 登录，测试完成
2019-04-03 14:48:30,596 - test_login - INFO - 登录，测试完成
2019-04-03 14:48:30,626 - test_login - INFO - 登录，测试完成
2019-04-03 14:48:30,626 - test_login - INFO - 登录，测试完成
2019-04-03 14:48:30,898 - test_Welfares - INFO - 测试完成
2019-04-03 14:48:30,934 - test_login - INFO - 登录，测试完成
2019-04-03 14:48:30,934 - test_login - INFO - 登录，测试完成
