2019-05-09 19:37:03,828 - test_login - INFO - 登录，测试完成
2019-05-09 19:37:03,828 - test_login - INFO - 登录，测试完成
2019-05-09 19:37:03,845 - test_bank - INFO - 测试完成
2019-05-09 19:37:03,845 - test_bank - INFO - 测试完成
2019-05-09 19:37:03,892 - test_bank - INFO - 测试完成
2019-05-09 19:37:03,892 - test_bank - INFO - 测试完成
2019-05-09 19:37:03,892 - test_bank - INFO - 测试完成
2019-05-09 19:37:03,892 - test_bank - INFO - 测试完成
2019-05-09 19:37:03,895 - test_Payments - INFO - 测试完成
2019-05-09 19:37:03,946 - test_login - INFO - 登录，测试完成
2019-05-09 19:37:03,946 - test_login - INFO - 登录，测试完成
2019-05-09 19:37:03,946 - test_login - INFO - 登录，测试完成
2019-05-09 19:37:20,808 - test_AddLuckys - INFO - 测试完成
2019-05-09 19:37:31,084 - test_AddPasswords - INFO - 测试完成
2019-05-09 19:37:36,088 - test_withdrawDeposits - INFO - 测试完成
2019-05-09 19:37:36,088 - test_withdrawDeposits - INFO - 测试完成
2019-05-09 19:37:36,939 - test_Collects - INFO - 测试完成
2019-05-09 19:37:36,939 - test_Collects - INFO - 测试完成
2019-05-09 19:37:36,939 - test_Collects - INFO - 测试完成
2019-05-09 19:37:37,786 - test_Collects - INFO - 测试完成
2019-05-09 19:37:37,786 - test_Collects - INFO - 测试完成
2019-05-09 19:37:37,786 - test_Collects - INFO - 测试完成
2019-05-09 19:37:38,505 - test_Collects - INFO - 测试完成
2019-05-09 19:37:38,505 - test_Collects - INFO - 测试完成
2019-05-09 19:37:38,505 - test_Collects - INFO - 测试完成
2019-05-09 19:37:39,227 - test_Comments - INFO - 测试完成
2019-05-09 19:37:40,711 - test_RedPackets - INFO - 测试完成
2019-05-09 19:37:40,711 - test_RedPackets - INFO - 测试完成
2019-05-09 19:37:43,848 - test_Ewms - INFO - 测试完成
2019-05-09 19:37:44,871 - test_Feedbacks - INFO - 测试完成
2019-05-09 19:37:50,622 - test_Informations - INFO - 测试完成
2019-05-09 19:37:53,393 - test_Payments - INFO - 测试完成
2019-05-09 19:37:53,393 - test_Payments - INFO - 测试完成
2019-05-09 19:37:53,393 - test_Payments - INFO - 测试完成
2019-05-09 19:37:53,393 - test_Payments - INFO - 测试完成
2019-05-09 19:37:53,393 - test_Payments - INFO - 测试完成
2019-05-09 19:37:53,393 - test_Payments - INFO - 测试完成
2019-05-09 19:37:53,393 - test_Payments - INFO - 测试完成
2019-05-09 19:37:53,393 - test_Payments - INFO - 测试完成
2019-05-09 19:37:53,395 - test_Payments - INFO - 测试完成
2019-05-09 19:37:53,395 - test_Payments - INFO - 测试完成
2019-05-09 19:37:53,395 - test_Payments - INFO - 测试完成
2019-05-09 19:37:53,395 - test_Payments - INFO - 测试完成
2019-05-09 19:37:53,395 - test_Payments - INFO - 测试完成
2019-05-09 19:37:53,395 - test_Payments - INFO - 测试完成
2019-05-09 19:37:53,395 - test_Payments - INFO - 测试完成
2019-05-09 19:37:53,395 - test_Payments - INFO - 测试完成
2019-05-09 19:37:54,124 - test_Messages - INFO - 测试完成
2019-05-09 19:37:54,917 - test_MyCitys - INFO - 测试完成
2019-05-09 19:37:58,127 - test_My_advertisings - INFO - 测试完成
2019-05-09 19:37:58,883 - test_MyKsbs - INFO - 测试完成
2019-05-09 19:38:15,486 - test_Payments - INFO - 测试完成
2019-05-09 19:38:15,486 - test_Payments - INFO - 测试完成
2019-05-09 19:38:15,486 - test_Payments - INFO - 测试完成
2019-05-09 19:38:15,486 - test_Payments - INFO - 测试完成
2019-05-09 19:38:15,486 - test_Payments - INFO - 测试完成
2019-05-09 19:38:15,486 - test_Payments - INFO - 测试完成
2019-05-09 19:38:15,486 - test_Payments - INFO - 测试完成
2019-05-09 19:38:15,486 - test_Payments - INFO - 测试完成
2019-05-09 19:38:15,965 - test_RedPackets - INFO - 测试完成
2019-05-09 19:38:15,965 - test_RedPackets - INFO - 测试完成
2019-05-09 19:38:19,176 - test_SecurityCenters - INFO - 测试完成
2019-05-09 19:38:19,177 - test_SecurityCenters - INFO - 测试完成
2019-05-09 19:38:19,945 - test_ShippingAddresses - INFO - 测试完成
2019-05-09 19:38:20,850 - test_Squares - INFO - 测试完成
2019-05-09 19:38:38,844 - test_Payments - INFO - 测试完成
2019-05-09 19:38:38,844 - test_Payments - INFO - 测试完成
2019-05-09 19:38:38,844 - test_Payments - INFO - 测试完成
2019-05-09 19:38:38,844 - test_Payments - INFO - 测试完成
2019-05-09 19:38:38,844 - test_Payments - INFO - 测试完成
2019-05-09 19:38:38,844 - test_Payments - INFO - 测试完成
2019-05-09 19:38:38,844 - test_Payments - INFO - 测试完成
2019-05-09 19:38:38,844 - test_Payments - INFO - 测试完成
2019-05-09 19:38:59,473 - test_Payments - INFO - 测试完成
2019-05-09 19:38:59,473 - test_Payments - INFO - 测试完成
2019-05-09 19:38:59,473 - test_Payments - INFO - 测试完成
2019-05-09 19:38:59,473 - test_Payments - INFO - 测试完成
2019-05-09 19:38:59,473 - test_Payments - INFO - 测试完成
2019-05-09 19:38:59,473 - test_Payments - INFO - 测试完成
2019-05-09 19:38:59,473 - test_Payments - INFO - 测试完成
2019-05-09 19:38:59,473 - test_Payments - INFO - 测试完成
2019-05-09 19:39:00,135 - test_Welfares - INFO - 测试完成
2019-05-09 19:39:03,671 - test_withdrawDeposits - INFO - 测试完成
2019-05-09 19:39:03,671 - test_withdrawDeposits - INFO - 测试完成
