2019-04-03 16:55:21,490 - test_login - INFO - 登录，测试完成
2019-04-03 16:55:21,490 - test_login - INFO - 登录，测试完成
2019-04-03 16:55:28,618 - test_AddLuckys - INFO - 测试完成
2019-04-03 16:55:28,651 - test_login - INFO - 登录，测试完成
2019-04-03 16:55:28,651 - test_login - INFO - 登录，测试完成
2019-04-03 16:55:28,684 - test_login - INFO - 登录，测试完成
2019-04-03 16:55:28,684 - test_login - INFO - 登录，测试完成
2019-04-03 16:55:34,671 - test_AddPasswords - INFO - 测试完成
2019-04-03 16:55:34,753 - test_login - INFO - 登录，测试完成
2019-04-03 16:55:34,753 - test_login - INFO - 登录，测试完成
2019-04-03 16:55:34,826 - test_login - INFO - 登录，测试完成
2019-04-03 16:55:34,826 - test_login - INFO - 登录，测试完成
2019-04-03 16:55:35,937 - test_Collects - INFO - 测试完成
2019-04-03 16:55:35,977 - test_login - INFO - 登录，测试完成
2019-04-03 16:55:35,977 - test_login - INFO - 登录，测试完成
2019-04-03 16:55:36,012 - test_login - INFO - 登录，测试完成
2019-04-03 16:55:36,012 - test_login - INFO - 登录，测试完成
2019-04-03 16:55:36,297 - test_Comments - INFO - 测试完成
2019-04-03 16:55:36,327 - test_login - INFO - 登录，测试完成
2019-04-03 16:55:36,327 - test_login - INFO - 登录，测试完成
2019-04-03 16:55:36,366 - test_login - INFO - 登录，测试完成
2019-04-03 16:55:36,366 - test_login - INFO - 登录，测试完成
2019-04-03 16:55:37,889 - test_Ewms - INFO - 测试完成
2019-04-03 16:55:37,934 - test_login - INFO - 登录，测试完成
2019-04-03 16:55:37,934 - test_login - INFO - 登录，测试完成
2019-04-03 16:55:37,962 - test_login - INFO - 登录，测试完成
2019-04-03 16:55:37,962 - test_login - INFO - 登录，测试完成
2019-04-03 16:55:38,274 - test_Feedbacks - INFO - 测试完成
2019-04-03 16:55:38,310 - test_login - INFO - 登录，测试完成
2019-04-03 16:55:38,310 - test_login - INFO - 登录，测试完成
2019-04-03 16:55:38,342 - test_login - INFO - 登录，测试完成
2019-04-03 16:55:38,342 - test_login - INFO - 登录，测试完成
2019-04-03 16:55:41,388 - test_Informations - INFO - 测试完成
2019-04-03 16:55:41,423 - test_login - INFO - 登录，测试完成
2019-04-03 16:55:41,423 - test_login - INFO - 登录，测试完成
2019-04-03 16:55:41,457 - test_login - INFO - 登录，测试完成
2019-04-03 16:55:41,457 - test_login - INFO - 登录，测试完成
2019-04-03 16:55:41,493 - test_login - INFO - 登录，测试完成
2019-04-03 16:55:41,493 - test_login - INFO - 登录，测试完成
2019-04-03 16:55:41,738 - test_login - INFO - 登录，测试完成
2019-04-03 16:55:41,738 - test_login - INFO - 登录，测试完成
2019-04-03 16:55:41,771 - test_login - INFO - 登录，测试完成
2019-04-03 16:55:41,771 - test_login - INFO - 登录，测试完成
2019-04-03 16:55:42,138 - test_MyCitys - INFO - 测试完成
2019-04-03 16:55:42,177 - test_login - INFO - 登录，测试完成
2019-04-03 16:55:42,177 - test_login - INFO - 登录，测试完成
2019-04-03 16:55:42,217 - test_login - INFO - 登录，测试完成
2019-04-03 16:55:42,217 - test_login - INFO - 登录，测试完成
2019-04-03 16:55:43,833 - test_My_advertisings - INFO - 测试完成
2019-04-03 16:55:43,877 - test_login - INFO - 登录，测试完成
2019-04-03 16:55:43,877 - test_login - INFO - 登录，测试完成
2019-04-03 16:55:43,910 - test_login - INFO - 登录，测试完成
2019-04-03 16:55:43,910 - test_login - INFO - 登录，测试完成
2019-04-03 16:55:44,552 - test_MyKsbs - INFO - 测试完成
2019-04-03 16:55:44,580 - test_login - INFO - 登录，测试完成
2019-04-03 16:55:44,580 - test_login - INFO - 登录，测试完成
2019-04-03 16:55:44,619 - test_login - INFO - 登录，测试完成
2019-04-03 16:55:44,619 - test_login - INFO - 登录，测试完成
2019-04-03 16:55:46,338 - test_Payments - INFO - 测试完成
2019-04-03 16:55:46,338 - test_Payments - INFO - 测试完成
2019-04-03 16:55:46,378 - test_login - INFO - 登录，测试完成
2019-04-03 16:55:46,378 - test_login - INFO - 登录，测试完成
2019-04-03 16:55:46,419 - test_login - INFO - 登录，测试完成
2019-04-03 16:55:46,419 - test_login - INFO - 登录，测试完成
2019-04-03 16:55:53,723 - test_Payments - INFO - 测试完成
2019-04-03 16:55:53,723 - test_Payments - INFO - 测试完成
2019-04-03 16:55:53,753 - test_login - INFO - 登录，测试完成
2019-04-03 16:55:53,753 - test_login - INFO - 登录，测试完成
2019-04-03 16:55:53,787 - test_login - INFO - 登录，测试完成
2019-04-03 16:55:53,787 - test_login - INFO - 登录，测试完成
2019-04-03 16:55:54,454 - test_RedPackets - INFO - 测试完成
2019-04-03 16:55:54,484 - test_login - INFO - 登录，测试完成
2019-04-03 16:55:54,484 - test_login - INFO - 登录，测试完成
2019-04-03 16:55:54,527 - test_login - INFO - 登录，测试完成
2019-04-03 16:55:54,527 - test_login - INFO - 登录，测试完成
2019-04-03 16:55:56,392 - test_SecurityCenters - INFO - 测试完成
2019-04-03 16:55:56,431 - test_login - INFO - 登录，测试完成
2019-04-03 16:55:56,431 - test_login - INFO - 登录，测试完成
2019-04-03 16:55:56,467 - test_login - INFO - 登录，测试完成
2019-04-03 16:55:56,467 - test_login - INFO - 登录，测试完成
2019-04-03 16:55:56,769 - test_ShippingAddresses - INFO - 测试完成
2019-04-03 16:55:56,805 - test_login - INFO - 登录，测试完成
2019-04-03 16:55:56,805 - test_login - INFO - 登录，测试完成
2019-04-03 16:55:56,834 - test_login - INFO - 登录，测试完成
2019-04-03 16:55:56,834 - test_login - INFO - 登录，测试完成
2019-04-03 16:55:57,155 - test_Squares - INFO - 测试完成
2019-04-03 16:55:57,192 - test_login - INFO - 登录，测试完成
2019-04-03 16:55:57,192 - test_login - INFO - 登录，测试完成
2019-04-03 16:55:57,221 - test_login - INFO - 登录，测试完成
2019-04-03 16:55:57,221 - test_login - INFO - 登录，测试完成
2019-04-03 16:55:57,564 - test_Welfares - INFO - 测试完成
2019-04-03 16:55:57,620 - test_login - INFO - 登录，测试完成
2019-04-03 16:55:57,620 - test_login - INFO - 登录，测试完成
