2019-04-19 09:58:18,142 - test_login - INFO - 登录，测试完成
2019-04-19 09:58:18,142 - test_login - INFO - 登录，测试完成
2019-04-19 09:58:26,010 - test_AddLuckys - INFO - 测试完成
2019-04-19 09:58:26,045 - test_login - INFO - 登录，测试完成
2019-04-19 09:58:26,045 - test_login - INFO - 登录，测试完成
2019-04-19 09:58:26,112 - test_login - INFO - 登录，测试完成
2019-04-19 09:58:26,112 - test_login - INFO - 登录，测试完成
2019-04-19 09:58:28,526 - test_login - INFO - 登录，测试完成
2019-04-19 09:58:28,526 - test_login - INFO - 登录，测试完成
2019-04-19 09:58:28,564 - test_login - INFO - 登录，测试完成
2019-04-19 09:58:28,564 - test_login - INFO - 登录，测试完成
2019-04-19 09:58:29,687 - test_Collects - INFO - 测试完成
2019-04-19 09:58:29,720 - test_login - INFO - 登录，测试完成
2019-04-19 09:58:29,720 - test_login - INFO - 登录，测试完成
2019-04-19 09:58:29,755 - test_login - INFO - 登录，测试完成
2019-04-19 09:58:29,755 - test_login - INFO - 登录，测试完成
2019-04-19 09:58:30,064 - test_Comments - INFO - 测试完成
2019-04-19 09:58:30,100 - test_login - INFO - 登录，测试完成
2019-04-19 09:58:30,100 - test_login - INFO - 登录，测试完成
2019-04-19 09:58:30,134 - test_login - INFO - 登录，测试完成
2019-04-19 09:58:30,134 - test_login - INFO - 登录，测试完成
2019-04-19 09:58:31,836 - test_Ewms - INFO - 测试完成
2019-04-19 09:58:31,870 - test_login - INFO - 登录，测试完成
2019-04-19 09:58:31,870 - test_login - INFO - 登录，测试完成
2019-04-19 09:58:31,904 - test_login - INFO - 登录，测试完成
2019-04-19 09:58:31,904 - test_login - INFO - 登录，测试完成
2019-04-19 09:58:32,417 - test_Feedbacks - INFO - 测试完成
2019-04-19 09:58:32,450 - test_login - INFO - 登录，测试完成
2019-04-19 09:58:32,450 - test_login - INFO - 登录，测试完成
2019-04-19 09:58:32,483 - test_login - INFO - 登录，测试完成
2019-04-19 09:58:32,483 - test_login - INFO - 登录，测试完成
2019-04-19 09:58:35,722 - test_Informations - INFO - 测试完成
2019-04-19 09:58:35,760 - test_login - INFO - 登录，测试完成
2019-04-19 09:58:35,760 - test_login - INFO - 登录，测试完成
2019-04-19 09:58:35,793 - test_login - INFO - 登录，测试完成
2019-04-19 09:58:35,793 - test_login - INFO - 登录，测试完成
2019-04-19 09:58:35,827 - test_login - INFO - 登录，测试完成
2019-04-19 09:58:35,827 - test_login - INFO - 登录，测试完成
2019-04-19 09:58:36,173 - test_Messages - INFO - 测试完成
2019-04-19 09:58:36,203 - test_login - INFO - 登录，测试完成
2019-04-19 09:58:36,203 - test_login - INFO - 登录，测试完成
2019-04-19 09:58:36,239 - test_login - INFO - 登录，测试完成
2019-04-19 09:58:36,239 - test_login - INFO - 登录，测试完成
2019-04-19 09:58:36,624 - test_MyCitys - INFO - 测试完成
2019-04-19 09:58:36,659 - test_login - INFO - 登录，测试完成
2019-04-19 09:58:36,659 - test_login - INFO - 登录，测试完成
2019-04-19 09:58:36,690 - test_login - INFO - 登录，测试完成
2019-04-19 09:58:36,690 - test_login - INFO - 登录，测试完成
2019-04-19 09:58:38,354 - test_My_advertisings - INFO - 测试完成
2019-04-19 09:58:38,389 - test_login - INFO - 登录，测试完成
2019-04-19 09:58:38,389 - test_login - INFO - 登录，测试完成
2019-04-19 09:58:38,423 - test_login - INFO - 登录，测试完成
2019-04-19 09:58:38,423 - test_login - INFO - 登录，测试完成
2019-04-19 09:58:39,135 - test_MyKsbs - INFO - 测试完成
2019-04-19 09:58:39,169 - test_login - INFO - 登录，测试完成
2019-04-19 09:58:39,169 - test_login - INFO - 登录，测试完成
2019-04-19 09:58:39,667 - test_login - INFO - 登录，测试完成
2019-04-19 09:58:39,667 - test_login - INFO - 登录，测试完成
2019-04-19 09:58:39,698 - test_login - INFO - 登录，测试完成
2019-04-19 09:58:39,698 - test_login - INFO - 登录，测试完成
2019-04-19 09:58:42,336 - test_login - INFO - 登录，测试完成
2019-04-19 09:58:42,336 - test_login - INFO - 登录，测试完成
2019-04-19 09:58:42,369 - test_login - INFO - 登录，测试完成
2019-04-19 09:58:42,369 - test_login - INFO - 登录，测试完成
2019-04-19 09:58:43,129 - test_RedPackets - INFO - 测试完成
2019-04-19 09:58:43,163 - test_login - INFO - 登录，测试完成
2019-04-19 09:58:43,163 - test_login - INFO - 登录，测试完成
2019-04-19 09:58:43,195 - test_login - INFO - 登录，测试完成
2019-04-19 09:58:43,195 - test_login - INFO - 登录，测试完成
2019-04-19 09:58:43,720 - test_login - INFO - 登录，测试完成
2019-04-19 09:58:43,720 - test_login - INFO - 登录，测试完成
2019-04-19 09:58:43,756 - test_login - INFO - 登录，测试完成
2019-04-19 09:58:43,756 - test_login - INFO - 登录，测试完成
2019-04-19 09:58:44,099 - test_ShippingAddresses - INFO - 测试完成
2019-04-19 09:58:44,133 - test_login - INFO - 登录，测试完成
2019-04-19 09:58:44,133 - test_login - INFO - 登录，测试完成
2019-04-19 09:58:44,164 - test_login - INFO - 登录，测试完成
2019-04-19 09:58:44,164 - test_login - INFO - 登录，测试完成
2019-04-19 09:58:44,494 - test_Squares - INFO - 测试完成
2019-04-19 09:58:44,525 - test_login - INFO - 登录，测试完成
2019-04-19 09:58:44,525 - test_login - INFO - 登录，测试完成
2019-04-19 09:58:44,558 - test_login - INFO - 登录，测试完成
2019-04-19 09:58:44,558 - test_login - INFO - 登录，测试完成
2019-04-19 09:58:44,869 - test_Welfares - INFO - 测试完成
2019-04-19 09:58:44,911 - test_login - INFO - 登录，测试完成
2019-04-19 09:58:44,911 - test_login - INFO - 登录，测试完成
2019-04-19 09:58:44,944 - test_login - INFO - 登录，测试完成
2019-04-19 09:58:44,944 - test_login - INFO - 登录，测试完成
2019-04-19 09:58:44,978 - test_login - INFO - 登录，测试完成
2019-04-19 09:58:44,978 - test_login - INFO - 登录，测试完成
2019-04-19 09:58:45,497 - test_withdrawDeposits - INFO - 测试完成
