2019-04-19 10:11:43,310 - test_AddLuckys - INFO - 测试完成
2019-04-19 10:11:45,873 - test_login - INFO - 登录，测试完成
2019-04-19 10:11:45,873 - test_login - INFO - 登录，测试完成
2019-04-19 10:11:45,873 - test_login - INFO - 登录，测试完成
2019-04-19 10:11:47,024 - test_Collects - INFO - 测试完成
2019-04-19 10:11:47,057 - test_login - INFO - 登录，测试完成
2019-04-19 10:11:47,057 - test_login - INFO - 登录，测试完成
2019-04-19 10:11:47,057 - test_login - INFO - 登录，测试完成
2019-04-19 10:11:47,394 - test_Comments - INFO - 测试完成
2019-04-19 10:11:47,427 - test_login - INFO - 登录，测试完成
2019-04-19 10:11:47,427 - test_login - INFO - 登录，测试完成
2019-04-19 10:11:47,427 - test_login - INFO - 登录，测试完成
2019-04-19 10:11:49,127 - test_Ewms - INFO - 测试完成
2019-04-19 10:11:49,162 - test_login - INFO - 登录，测试完成
2019-04-19 10:11:49,162 - test_login - INFO - 登录，测试完成
2019-04-19 10:11:49,162 - test_login - INFO - 登录，测试完成
2019-04-19 10:11:49,528 - test_Feedbacks - INFO - 测试完成
2019-04-19 10:11:49,563 - test_login - INFO - 登录，测试完成
2019-04-19 10:11:49,563 - test_login - INFO - 登录，测试完成
2019-04-19 10:11:49,563 - test_login - INFO - 登录，测试完成
2019-04-19 10:11:52,825 - test_Informations - INFO - 测试完成
2019-04-19 10:11:52,858 - test_login - INFO - 登录，测试完成
2019-04-19 10:11:52,858 - test_login - INFO - 登录，测试完成
2019-04-19 10:11:52,858 - test_login - INFO - 登录，测试完成
2019-04-19 10:11:52,892 - test_login - INFO - 登录，测试完成
2019-04-19 10:11:52,892 - test_login - INFO - 登录，测试完成
2019-04-19 10:11:52,892 - test_login - INFO - 登录，测试完成
2019-04-19 10:11:53,246 - test_Messages - INFO - 测试完成
2019-04-19 10:11:53,281 - test_login - INFO - 登录，测试完成
2019-04-19 10:11:53,281 - test_login - INFO - 登录，测试完成
2019-04-19 10:11:53,281 - test_login - INFO - 登录，测试完成
2019-04-19 10:11:53,762 - test_MyCitys - INFO - 测试完成
2019-04-19 10:11:53,794 - test_login - INFO - 登录，测试完成
2019-04-19 10:11:53,794 - test_login - INFO - 登录，测试完成
2019-04-19 10:11:53,794 - test_login - INFO - 登录，测试完成
2019-04-19 10:11:55,477 - test_My_advertisings - INFO - 测试完成
2019-04-19 10:11:55,509 - test_login - INFO - 登录，测试完成
2019-04-19 10:11:55,509 - test_login - INFO - 登录，测试完成
2019-04-19 10:11:55,509 - test_login - INFO - 登录，测试完成
2019-04-19 10:11:56,240 - test_MyKsbs - INFO - 测试完成
2019-04-19 10:11:56,273 - test_login - INFO - 登录，测试完成
2019-04-19 10:11:56,273 - test_login - INFO - 登录，测试完成
2019-04-19 10:11:56,273 - test_login - INFO - 登录，测试完成
2019-04-19 10:11:58,381 - test_Payments - INFO - 测试完成
2019-04-19 10:11:58,381 - test_Payments - INFO - 测试完成
2019-04-19 10:11:58,416 - test_login - INFO - 登录，测试完成
2019-04-19 10:11:58,416 - test_login - INFO - 登录，测试完成
2019-04-19 10:11:58,416 - test_login - INFO - 登录，测试完成
2019-04-19 10:12:01,147 - test_login - INFO - 登录，测试完成
2019-04-19 10:12:01,147 - test_login - INFO - 登录，测试完成
2019-04-19 10:12:01,147 - test_login - INFO - 登录，测试完成
2019-04-19 10:12:01,872 - test_RedPackets - INFO - 测试完成
2019-04-19 10:12:01,906 - test_login - INFO - 登录，测试完成
2019-04-19 10:12:01,906 - test_login - INFO - 登录，测试完成
2019-04-19 10:12:01,906 - test_login - INFO - 登录，测试完成
2019-04-19 10:12:02,485 - test_login - INFO - 登录，测试完成
2019-04-19 10:12:02,485 - test_login - INFO - 登录，测试完成
2019-04-19 10:12:02,485 - test_login - INFO - 登录，测试完成
2019-04-19 10:12:02,788 - test_login - INFO - 登录，测试完成
2019-04-19 10:12:02,788 - test_login - INFO - 登录，测试完成
2019-04-19 10:12:02,788 - test_login - INFO - 登录，测试完成
2019-04-19 10:12:03,147 - test_Squares - INFO - 测试完成
2019-04-19 10:12:03,183 - test_login - INFO - 登录，测试完成
2019-04-19 10:12:03,183 - test_login - INFO - 登录，测试完成
2019-04-19 10:12:03,183 - test_login - INFO - 登录，测试完成
2019-04-19 10:12:03,525 - test_Welfares - INFO - 测试完成
2019-04-19 10:12:03,558 - test_login - INFO - 登录，测试完成
2019-04-19 10:12:03,558 - test_login - INFO - 登录，测试完成
2019-04-19 10:12:03,558 - test_login - INFO - 登录，测试完成
2019-04-19 10:12:03,588 - test_login - INFO - 登录，测试完成
2019-04-19 10:12:03,588 - test_login - INFO - 登录，测试完成
2019-04-19 10:12:03,588 - test_login - INFO - 登录，测试完成
2019-04-19 10:12:03,998 - test_withdrawDeposits - INFO - 测试完成
