2019-04-03 16:45:01,815 - test_login - INFO - 登录，测试完成
2019-04-03 16:45:01,815 - test_login - INFO - 登录，测试完成
2019-04-03 16:45:10,403 - test_AddLuckys - INFO - 测试完成
2019-04-03 16:45:10,435 - test_login - INFO - 登录，测试完成
2019-04-03 16:45:10,435 - test_login - INFO - 登录，测试完成
2019-04-03 16:45:10,483 - test_login - INFO - 登录，测试完成
2019-04-03 16:45:10,483 - test_login - INFO - 登录，测试完成
2019-04-03 16:45:14,305 - test_login - INFO - 登录，测试完成
2019-04-03 16:45:14,305 - test_login - INFO - 登录，测试完成
2019-04-03 16:45:14,339 - test_login - INFO - 登录，测试完成
2019-04-03 16:45:14,339 - test_login - INFO - 登录，测试完成
2019-04-03 16:45:15,346 - test_Collects - INFO - 测试完成
2019-04-03 16:45:15,377 - test_login - INFO - 登录，测试完成
2019-04-03 16:45:15,377 - test_login - INFO - 登录，测试完成
2019-04-03 16:45:15,405 - test_login - INFO - 登录，测试完成
2019-04-03 16:45:15,405 - test_login - INFO - 登录，测试完成
2019-04-03 16:45:15,681 - test_Comments - INFO - 测试完成
2019-04-03 16:45:15,712 - test_login - INFO - 登录，测试完成
2019-04-03 16:45:15,712 - test_login - INFO - 登录，测试完成
2019-04-03 16:45:15,740 - test_login - INFO - 登录，测试完成
2019-04-03 16:45:15,740 - test_login - INFO - 登录，测试完成
2019-04-03 16:45:17,240 - test_Ewms - INFO - 测试完成
2019-04-03 16:45:17,273 - test_login - INFO - 登录，测试完成
2019-04-03 16:45:17,273 - test_login - INFO - 登录，测试完成
2019-04-03 16:45:17,305 - test_login - INFO - 登录，测试完成
2019-04-03 16:45:17,305 - test_login - INFO - 登录，测试完成
2019-04-03 16:45:17,605 - test_Feedbacks - INFO - 测试完成
2019-04-03 16:45:17,634 - test_login - INFO - 登录，测试完成
2019-04-03 16:45:17,634 - test_login - INFO - 登录，测试完成
2019-04-03 16:45:17,667 - test_login - INFO - 登录，测试完成
2019-04-03 16:45:17,667 - test_login - INFO - 登录，测试完成
2019-04-03 16:45:18,675 - test_login - INFO - 登录，测试完成
2019-04-03 16:45:18,675 - test_login - INFO - 登录，测试完成
2019-04-03 16:45:18,707 - test_login - INFO - 登录，测试完成
2019-04-03 16:45:18,707 - test_login - INFO - 登录，测试完成
2019-04-03 16:45:18,737 - test_login - INFO - 登录，测试完成
2019-04-03 16:45:18,737 - test_login - INFO - 登录，测试完成
2019-04-03 16:45:19,035 - test_Messages - INFO - 测试完成
2019-04-03 16:45:19,066 - test_login - INFO - 登录，测试完成
2019-04-03 16:45:19,066 - test_login - INFO - 登录，测试完成
2019-04-03 16:45:19,095 - test_login - INFO - 登录，测试完成
2019-04-03 16:45:19,095 - test_login - INFO - 登录，测试完成
2019-04-03 16:45:19,409 - test_MyCitys - INFO - 测试完成
2019-04-03 16:45:19,438 - test_login - INFO - 登录，测试完成
2019-04-03 16:45:19,438 - test_login - INFO - 登录，测试完成
2019-04-03 16:45:19,468 - test_login - INFO - 登录，测试完成
2019-04-03 16:45:19,468 - test_login - INFO - 登录，测试完成
2019-04-03 16:45:21,005 - test_My_advertisings - INFO - 测试完成
2019-04-03 16:45:21,034 - test_login - INFO - 登录，测试完成
2019-04-03 16:45:21,034 - test_login - INFO - 登录，测试完成
2019-04-03 16:45:21,071 - test_login - INFO - 登录，测试完成
2019-04-03 16:45:21,071 - test_login - INFO - 登录，测试完成
2019-04-03 16:45:21,683 - test_MyKsbs - INFO - 测试完成
2019-04-03 16:45:21,714 - test_login - INFO - 登录，测试完成
2019-04-03 16:45:21,714 - test_login - INFO - 登录，测试完成
2019-04-03 16:45:21,742 - test_login - INFO - 登录，测试完成
2019-04-03 16:45:21,742 - test_login - INFO - 登录，测试完成
2019-04-03 16:45:22,209 - test_login - INFO - 登录，测试完成
2019-04-03 16:45:22,209 - test_login - INFO - 登录，测试完成
2019-04-03 16:45:22,239 - test_login - INFO - 登录，测试完成
2019-04-03 16:45:22,239 - test_login - INFO - 登录，测试完成
2019-04-03 16:45:29,251 - test_Payments - INFO - 测试完成
2019-04-03 16:45:29,251 - test_Payments - INFO - 测试完成
2019-04-03 16:45:29,287 - test_login - INFO - 登录，测试完成
2019-04-03 16:45:29,287 - test_login - INFO - 登录，测试完成
2019-04-03 16:45:29,317 - test_login - INFO - 登录，测试完成
2019-04-03 16:45:29,317 - test_login - INFO - 登录，测试完成
2019-04-03 16:45:29,936 - test_RedPackets - INFO - 测试完成
2019-04-03 16:45:29,969 - test_login - INFO - 登录，测试完成
2019-04-03 16:45:29,969 - test_login - INFO - 登录，测试完成
2019-04-03 16:45:29,998 - test_login - INFO - 登录，测试完成
2019-04-03 16:45:29,998 - test_login - INFO - 登录，测试完成
2019-04-03 16:45:31,905 - test_SecurityCenters - INFO - 测试完成
2019-04-03 16:45:31,937 - test_login - INFO - 登录，测试完成
2019-04-03 16:45:31,937 - test_login - INFO - 登录，测试完成
2019-04-03 16:45:31,965 - test_login - INFO - 登录，测试完成
2019-04-03 16:45:31,965 - test_login - INFO - 登录，测试完成
2019-04-03 16:45:32,254 - test_ShippingAddresses - INFO - 测试完成
2019-04-03 16:45:32,285 - test_login - INFO - 登录，测试完成
2019-04-03 16:45:32,285 - test_login - INFO - 登录，测试完成
2019-04-03 16:45:32,317 - test_login - INFO - 登录，测试完成
2019-04-03 16:45:32,317 - test_login - INFO - 登录，测试完成
2019-04-03 16:45:32,618 - test_Squares - INFO - 测试完成
2019-04-03 16:45:32,649 - test_login - INFO - 登录，测试完成
2019-04-03 16:45:32,649 - test_login - INFO - 登录，测试完成
2019-04-03 16:45:32,691 - test_login - INFO - 登录，测试完成
2019-04-03 16:45:32,691 - test_login - INFO - 登录，测试完成
2019-04-03 16:45:32,970 - test_Welfares - INFO - 测试完成
2019-04-03 16:45:32,999 - test_login - INFO - 登录，测试完成
2019-04-03 16:45:32,999 - test_login - INFO - 登录，测试完成
