2019-04-03 16:59:36,143 - test_login - INFO - 登录，测试完成
2019-04-03 16:59:36,143 - test_login - INFO - 登录，测试完成
2019-04-03 16:59:43,295 - test_AddLuckys - INFO - 测试完成
2019-04-03 16:59:43,325 - test_login - INFO - 登录，测试完成
2019-04-03 16:59:43,325 - test_login - INFO - 登录，测试完成
2019-04-03 16:59:43,356 - test_login - INFO - 登录，测试完成
2019-04-03 16:59:43,356 - test_login - INFO - 登录，测试完成
2019-04-03 16:59:46,497 - test_login - INFO - 登录，测试完成
2019-04-03 16:59:46,497 - test_login - INFO - 登录，测试完成
2019-04-03 16:59:46,528 - test_login - INFO - 登录，测试完成
2019-04-03 16:59:46,528 - test_login - INFO - 登录，测试完成
2019-04-03 16:59:47,559 - test_Collects - INFO - 测试完成
2019-04-03 16:59:47,586 - test_login - INFO - 登录，测试完成
2019-04-03 16:59:47,586 - test_login - INFO - 登录，测试完成
2019-04-03 16:59:47,618 - test_login - INFO - 登录，测试完成
2019-04-03 16:59:47,618 - test_login - INFO - 登录，测试完成
2019-04-03 16:59:47,843 - test_login - INFO - 登录，测试完成
2019-04-03 16:59:47,843 - test_login - INFO - 登录，测试完成
2019-04-03 16:59:47,874 - test_login - INFO - 登录，测试完成
2019-04-03 16:59:47,874 - test_login - INFO - 登录，测试完成
2019-04-03 16:59:48,622 - test_login - INFO - 登录，测试完成
2019-04-03 16:59:48,622 - test_login - INFO - 登录，测试完成
2019-04-03 16:59:48,649 - test_login - INFO - 登录，测试完成
2019-04-03 16:59:48,649 - test_login - INFO - 登录，测试完成
2019-04-03 16:59:48,962 - test_Feedbacks - INFO - 测试完成
2019-04-03 16:59:48,992 - test_login - INFO - 登录，测试完成
2019-04-03 16:59:48,992 - test_login - INFO - 登录，测试完成
2019-04-03 16:59:49,019 - test_login - INFO - 登录，测试完成
2019-04-03 16:59:49,019 - test_login - INFO - 登录，测试完成
2019-04-03 16:59:52,028 - test_Informations - INFO - 测试完成
2019-04-03 16:59:52,061 - test_login - INFO - 登录，测试完成
2019-04-03 16:59:52,061 - test_login - INFO - 登录，测试完成
2019-04-03 16:59:52,090 - test_login - INFO - 登录，测试完成
2019-04-03 16:59:52,090 - test_login - INFO - 登录，测试完成
2019-04-03 16:59:52,121 - test_login - INFO - 登录，测试完成
2019-04-03 16:59:52,121 - test_login - INFO - 登录，测试完成
2019-04-03 16:59:52,453 - test_Messages - INFO - 测试完成
2019-04-03 16:59:52,485 - test_login - INFO - 登录，测试完成
2019-04-03 16:59:52,485 - test_login - INFO - 登录，测试完成
2019-04-03 16:59:52,517 - test_login - INFO - 登录，测试完成
2019-04-03 16:59:52,517 - test_login - INFO - 登录，测试完成
2019-04-03 16:59:52,855 - test_MyCitys - INFO - 测试完成
2019-04-03 16:59:52,884 - test_login - INFO - 登录，测试完成
2019-04-03 16:59:52,884 - test_login - INFO - 登录，测试完成
2019-04-03 16:59:52,910 - test_login - INFO - 登录，测试完成
2019-04-03 16:59:52,910 - test_login - INFO - 登录，测试完成
2019-04-03 16:59:54,463 - test_My_advertisings - INFO - 测试完成
2019-04-03 16:59:54,494 - test_login - INFO - 登录，测试完成
2019-04-03 16:59:54,494 - test_login - INFO - 登录，测试完成
2019-04-03 16:59:54,522 - test_login - INFO - 登录，测试完成
2019-04-03 16:59:54,522 - test_login - INFO - 登录，测试完成
2019-04-03 16:59:55,147 - test_MyKsbs - INFO - 测试完成
2019-04-03 16:59:55,176 - test_login - INFO - 登录，测试完成
2019-04-03 16:59:55,176 - test_login - INFO - 登录，测试完成
2019-04-03 16:59:55,209 - test_login - INFO - 登录，测试完成
2019-04-03 16:59:55,209 - test_login - INFO - 登录，测试完成
2019-04-03 16:59:56,922 - test_Payments - INFO - 测试完成
2019-04-03 16:59:56,922 - test_Payments - INFO - 测试完成
2019-04-03 16:59:56,950 - test_login - INFO - 登录，测试完成
2019-04-03 16:59:56,950 - test_login - INFO - 登录，测试完成
2019-04-03 16:59:56,983 - test_login - INFO - 登录，测试完成
2019-04-03 16:59:56,983 - test_login - INFO - 登录，测试完成
2019-04-03 17:00:03,775 - test_Payments - INFO - 测试完成
2019-04-03 17:00:03,775 - test_Payments - INFO - 测试完成
2019-04-03 17:00:03,805 - test_login - INFO - 登录，测试完成
2019-04-03 17:00:03,805 - test_login - INFO - 登录，测试完成
2019-04-03 17:00:03,841 - test_login - INFO - 登录，测试完成
2019-04-03 17:00:03,841 - test_login - INFO - 登录，测试完成
2019-04-03 17:00:04,460 - test_RedPackets - INFO - 测试完成
2019-04-03 17:00:04,489 - test_login - INFO - 登录，测试完成
2019-04-03 17:00:04,489 - test_login - INFO - 登录，测试完成
2019-04-03 17:00:04,520 - test_login - INFO - 登录，测试完成
2019-04-03 17:00:04,520 - test_login - INFO - 登录，测试完成
2019-04-03 17:00:06,417 - test_SecurityCenters - INFO - 测试完成
2019-04-03 17:00:06,445 - test_login - INFO - 登录，测试完成
2019-04-03 17:00:06,445 - test_login - INFO - 登录，测试完成
2019-04-03 17:00:06,474 - test_login - INFO - 登录，测试完成
2019-04-03 17:00:06,474 - test_login - INFO - 登录，测试完成
2019-04-03 17:00:06,747 - test_ShippingAddresses - INFO - 测试完成
2019-04-03 17:00:06,777 - test_login - INFO - 登录，测试完成
2019-04-03 17:00:06,777 - test_login - INFO - 登录，测试完成
2019-04-03 17:00:06,805 - test_login - INFO - 登录，测试完成
2019-04-03 17:00:06,805 - test_login - INFO - 登录，测试完成
2019-04-03 17:00:07,114 - test_Squares - INFO - 测试完成
2019-04-03 17:00:07,143 - test_login - INFO - 登录，测试完成
2019-04-03 17:00:07,143 - test_login - INFO - 登录，测试完成
2019-04-03 17:00:07,170 - test_login - INFO - 登录，测试完成
2019-04-03 17:00:07,170 - test_login - INFO - 登录，测试完成
2019-04-03 17:00:07,440 - test_Welfares - INFO - 测试完成
2019-04-03 17:00:07,471 - test_login - INFO - 登录，测试完成
2019-04-03 17:00:07,471 - test_login - INFO - 登录，测试完成
