2019-04-24 16:11:54,334 - test_login - INFO - 登录，测试完成
2019-04-24 16:11:54,334 - test_login - INFO - 登录，测试完成
2019-04-24 16:11:54,482 - test_login - INFO - 登录，测试完成
2019-04-24 16:11:54,482 - test_login - INFO - 登录，测试完成
2019-04-24 16:11:54,482 - test_login - INFO - 登录，测试完成
2019-04-24 16:12:05,886 - test_AddLuckys - INFO - 测试完成
2019-04-24 16:12:15,295 - test_AddPasswords - INFO - 测试完成
2019-04-24 16:12:19,823 - test_Collects - INFO - 测试完成
2019-04-24 16:12:19,823 - test_Collects - INFO - 测试完成
2019-04-24 16:12:19,823 - test_Collects - INFO - 测试完成
2019-04-24 16:12:20,515 - test_Collects - INFO - 测试完成
2019-04-24 16:12:20,515 - test_Collects - INFO - 测试完成
2019-04-24 16:12:20,515 - test_Collects - INFO - 测试完成
2019-04-24 16:12:21,234 - test_Collects - INFO - 测试完成
2019-04-24 16:12:21,234 - test_Collects - INFO - 测试完成
2019-04-24 16:12:21,234 - test_Collects - INFO - 测试完成
2019-04-24 16:12:24,074 - test_Feedbacks - INFO - 测试完成
2019-04-24 16:12:28,516 - test_Payments - INFO - 测试完成
2019-04-24 16:12:28,516 - test_Payments - INFO - 测试完成
2019-04-24 16:12:28,516 - test_Payments - INFO - 测试完成
2019-04-24 16:12:28,516 - test_Payments - INFO - 测试完成
2019-04-24 16:12:28,516 - test_Payments - INFO - 测试完成
2019-04-24 16:12:28,516 - test_Payments - INFO - 测试完成
2019-04-24 16:12:28,516 - test_Payments - INFO - 测试完成
2019-04-24 16:12:28,516 - test_Payments - INFO - 测试完成
2019-04-24 16:12:28,517 - test_Payments - INFO - 测试完成
2019-04-24 16:12:28,517 - test_Payments - INFO - 测试完成
2019-04-24 16:12:28,517 - test_Payments - INFO - 测试完成
2019-04-24 16:12:28,517 - test_Payments - INFO - 测试完成
2019-04-24 16:12:28,517 - test_Payments - INFO - 测试完成
2019-04-24 16:12:28,517 - test_Payments - INFO - 测试完成
2019-04-24 16:12:28,517 - test_Payments - INFO - 测试完成
2019-04-24 16:12:28,517 - test_Payments - INFO - 测试完成
2019-04-24 16:12:32,318 - test_My_advertisings - INFO - 测试完成
2019-04-24 16:12:36,139 - test_Payments - INFO - 测试完成
2019-04-24 16:12:36,139 - test_Payments - INFO - 测试完成
2019-04-24 16:12:36,139 - test_Payments - INFO - 测试完成
2019-04-24 16:12:36,139 - test_Payments - INFO - 测试完成
2019-04-24 16:12:36,139 - test_Payments - INFO - 测试完成
2019-04-24 16:12:36,139 - test_Payments - INFO - 测试完成
2019-04-24 16:12:36,139 - test_Payments - INFO - 测试完成
2019-04-24 16:12:36,139 - test_Payments - INFO - 测试完成
2019-04-24 16:12:46,364 - test_SecurityCenters - INFO - 测试完成
2019-04-24 16:12:46,364 - test_SecurityCenters - INFO - 测试完成
2019-04-24 16:12:47,132 - test_ShippingAddresses - INFO - 测试完成
2019-04-24 16:13:03,875 - test_Payments - INFO - 测试完成
2019-04-24 16:13:03,875 - test_Payments - INFO - 测试完成
2019-04-24 16:13:03,875 - test_Payments - INFO - 测试完成
2019-04-24 16:13:03,875 - test_Payments - INFO - 测试完成
2019-04-24 16:13:03,875 - test_Payments - INFO - 测试完成
2019-04-24 16:13:03,875 - test_Payments - INFO - 测试完成
2019-04-24 16:13:03,875 - test_Payments - INFO - 测试完成
2019-04-24 16:13:03,875 - test_Payments - INFO - 测试完成
2019-04-24 16:13:22,515 - test_Payments - INFO - 测试完成
2019-04-24 16:13:22,515 - test_Payments - INFO - 测试完成
2019-04-24 16:13:22,515 - test_Payments - INFO - 测试完成
2019-04-24 16:13:22,515 - test_Payments - INFO - 测试完成
2019-04-24 16:13:22,515 - test_Payments - INFO - 测试完成
2019-04-24 16:13:22,515 - test_Payments - INFO - 测试完成
2019-04-24 16:13:22,515 - test_Payments - INFO - 测试完成
2019-04-24 16:13:22,515 - test_Payments - INFO - 测试完成
