2019-04-03 17:16:15,238 - test_login - INFO - 登录，测试完成
2019-04-03 17:16:15,238 - test_login - INFO - 登录，测试完成
2019-04-03 17:16:22,446 - test_AddLuckys - INFO - 测试完成
2019-04-03 17:16:22,490 - test_login - INFO - 登录，测试完成
2019-04-03 17:16:22,490 - test_login - INFO - 登录，测试完成
2019-04-03 17:16:22,519 - test_login - INFO - 登录，测试完成
2019-04-03 17:16:22,519 - test_login - INFO - 登录，测试完成
2019-04-03 17:16:28,131 - test_AddPasswords - INFO - 测试完成
2019-04-03 17:16:28,175 - test_login - INFO - 登录，测试完成
2019-04-03 17:16:28,175 - test_login - INFO - 登录，测试完成
2019-04-03 17:16:28,204 - test_login - INFO - 登录，测试完成
2019-04-03 17:16:28,204 - test_login - INFO - 登录，测试完成
2019-04-03 17:16:29,274 - test_Collects - INFO - 测试完成
2019-04-03 17:16:29,306 - test_login - INFO - 登录，测试完成
2019-04-03 17:16:29,306 - test_login - INFO - 登录，测试完成
2019-04-03 17:16:29,336 - test_login - INFO - 登录，测试完成
2019-04-03 17:16:29,336 - test_login - INFO - 登录，测试完成
2019-04-03 17:16:29,617 - test_Comments - INFO - 测试完成
2019-04-03 17:16:29,647 - test_login - INFO - 登录，测试完成
2019-04-03 17:16:29,647 - test_login - INFO - 登录，测试完成
2019-04-03 17:16:29,679 - test_login - INFO - 登录，测试完成
2019-04-03 17:16:29,679 - test_login - INFO - 登录，测试完成
2019-04-03 17:16:31,257 - test_Ewms - INFO - 测试完成
2019-04-03 17:16:31,285 - test_login - INFO - 登录，测试完成
2019-04-03 17:16:31,285 - test_login - INFO - 登录，测试完成
2019-04-03 17:16:31,315 - test_login - INFO - 登录，测试完成
2019-04-03 17:16:31,315 - test_login - INFO - 登录，测试完成
2019-04-03 17:16:31,609 - test_Feedbacks - INFO - 测试完成
2019-04-03 17:16:31,637 - test_login - INFO - 登录，测试完成
2019-04-03 17:16:31,637 - test_login - INFO - 登录，测试完成
2019-04-03 17:16:31,668 - test_login - INFO - 登录，测试完成
2019-04-03 17:16:31,668 - test_login - INFO - 登录，测试完成
2019-04-03 17:16:34,710 - test_Informations - INFO - 测试完成
2019-04-03 17:16:34,745 - test_login - INFO - 登录，测试完成
2019-04-03 17:16:34,745 - test_login - INFO - 登录，测试完成
2019-04-03 17:16:34,775 - test_login - INFO - 登录，测试完成
2019-04-03 17:16:34,775 - test_login - INFO - 登录，测试完成
2019-04-03 17:16:34,814 - test_login - INFO - 登录，测试完成
2019-04-03 17:16:34,814 - test_login - INFO - 登录，测试完成
2019-04-03 17:16:35,128 - test_Messages - INFO - 测试完成
2019-04-03 17:16:35,156 - test_login - INFO - 登录，测试完成
2019-04-03 17:16:35,156 - test_login - INFO - 登录，测试完成
2019-04-03 17:16:35,186 - test_login - INFO - 登录，测试完成
2019-04-03 17:16:35,186 - test_login - INFO - 登录，测试完成
2019-04-03 17:16:35,540 - test_MyCitys - INFO - 测试完成
2019-04-03 17:16:35,573 - test_login - INFO - 登录，测试完成
2019-04-03 17:16:35,573 - test_login - INFO - 登录，测试完成
2019-04-03 17:16:35,604 - test_login - INFO - 登录，测试完成
2019-04-03 17:16:35,604 - test_login - INFO - 登录，测试完成
2019-04-03 17:16:37,185 - test_My_advertisings - INFO - 测试完成
2019-04-03 17:16:37,214 - test_login - INFO - 登录，测试完成
2019-04-03 17:16:37,214 - test_login - INFO - 登录，测试完成
2019-04-03 17:16:37,242 - test_login - INFO - 登录，测试完成
2019-04-03 17:16:37,242 - test_login - INFO - 登录，测试完成
2019-04-03 17:16:37,833 - test_MyKsbs - INFO - 测试完成
2019-04-03 17:16:37,861 - test_login - INFO - 登录，测试完成
2019-04-03 17:16:37,861 - test_login - INFO - 登录，测试完成
2019-04-03 17:16:37,889 - test_login - INFO - 登录，测试完成
2019-04-03 17:16:37,889 - test_login - INFO - 登录，测试完成
2019-04-03 17:16:39,550 - test_Payments - INFO - 测试完成
2019-04-03 17:16:39,550 - test_Payments - INFO - 测试完成
2019-04-03 17:16:39,579 - test_login - INFO - 登录，测试完成
2019-04-03 17:16:39,579 - test_login - INFO - 登录，测试完成
2019-04-03 17:16:39,614 - test_login - INFO - 登录，测试完成
2019-04-03 17:16:39,614 - test_login - INFO - 登录，测试完成
2019-04-03 17:16:46,679 - test_Payments - INFO - 测试完成
2019-04-03 17:16:46,679 - test_Payments - INFO - 测试完成
2019-04-03 17:16:46,709 - test_login - INFO - 登录，测试完成
2019-04-03 17:16:46,709 - test_login - INFO - 登录，测试完成
2019-04-03 17:16:46,742 - test_login - INFO - 登录，测试完成
2019-04-03 17:16:46,742 - test_login - INFO - 登录，测试完成
2019-04-03 17:16:47,365 - test_RedPackets - INFO - 测试完成
2019-04-03 17:16:47,395 - test_login - INFO - 登录，测试完成
2019-04-03 17:16:47,395 - test_login - INFO - 登录，测试完成
2019-04-03 17:16:47,425 - test_login - INFO - 登录，测试完成
2019-04-03 17:16:47,425 - test_login - INFO - 登录，测试完成
2019-04-03 17:16:49,162 - test_SecurityCenters - INFO - 测试完成
2019-04-03 17:16:49,191 - test_login - INFO - 登录，测试完成
2019-04-03 17:16:49,191 - test_login - INFO - 登录，测试完成
2019-04-03 17:16:49,220 - test_login - INFO - 登录，测试完成
2019-04-03 17:16:49,220 - test_login - INFO - 登录，测试完成
2019-04-03 17:16:49,466 - test_login - INFO - 登录，测试完成
2019-04-03 17:16:49,466 - test_login - INFO - 登录，测试完成
2019-04-03 17:16:49,494 - test_login - INFO - 登录，测试完成
2019-04-03 17:16:49,494 - test_login - INFO - 登录，测试完成
2019-04-03 17:16:49,817 - test_Squares - INFO - 测试完成
2019-04-03 17:16:49,847 - test_login - INFO - 登录，测试完成
2019-04-03 17:16:49,847 - test_login - INFO - 登录，测试完成
2019-04-03 17:16:49,874 - test_login - INFO - 登录，测试完成
2019-04-03 17:16:49,874 - test_login - INFO - 登录，测试完成
2019-04-03 17:16:50,181 - test_Welfares - INFO - 测试完成
2019-04-03 17:16:50,211 - test_login - INFO - 登录，测试完成
2019-04-03 17:16:50,211 - test_login - INFO - 登录，测试完成
