2019-04-24 16:49:32,065 - test_login - INFO - 登录，测试完成
2019-04-24 16:49:32,065 - test_login - INFO - 登录，测试完成
2019-04-24 16:49:32,116 - test_login - INFO - 登录，测试完成
2019-04-24 16:49:32,116 - test_login - INFO - 登录，测试完成
2019-04-24 16:49:32,116 - test_login - INFO - 登录，测试完成
2019-04-24 16:49:47,625 - test_AddLuckys - INFO - 测试完成
2019-04-24 16:49:57,751 - test_AddPasswords - INFO - 测试完成
2019-04-24 16:50:02,040 - test_withdrawDeposits - INFO - 测试完成
2019-04-24 16:50:02,040 - test_withdrawDeposits - INFO - 测试完成
2019-04-24 16:50:02,677 - test_Collects - INFO - 测试完成
2019-04-24 16:50:02,677 - test_Collects - INFO - 测试完成
2019-04-24 16:50:02,677 - test_Collects - INFO - 测试完成
2019-04-24 16:50:03,407 - test_Collects - INFO - 测试完成
2019-04-24 16:50:03,407 - test_Collects - INFO - 测试完成
2019-04-24 16:50:03,407 - test_Collects - INFO - 测试完成
2019-04-24 16:50:04,151 - test_Collects - INFO - 测试完成
2019-04-24 16:50:04,151 - test_Collects - INFO - 测试完成
2019-04-24 16:50:04,151 - test_Collects - INFO - 测试完成
2019-04-24 16:50:04,885 - test_Comments - INFO - 测试完成
2019-04-24 16:50:08,981 - test_Ewms - INFO - 测试完成
2019-04-24 16:50:09,741 - test_Feedbacks - INFO - 测试完成
2019-04-24 16:50:15,433 - test_Informations - INFO - 测试完成
2019-04-24 16:50:18,879 - test_Messages - INFO - 测试完成
2019-04-24 16:50:22,319 - test_MyKsbs - INFO - 测试完成
2019-04-24 16:50:25,533 - test_Payments - INFO - 测试完成
2019-04-24 16:50:25,533 - test_Payments - INFO - 测试完成
2019-04-24 16:50:25,533 - test_Payments - INFO - 测试完成
2019-04-24 16:50:25,533 - test_Payments - INFO - 测试完成
2019-04-24 16:50:25,533 - test_Payments - INFO - 测试完成
2019-04-24 16:50:25,533 - test_Payments - INFO - 测试完成
2019-04-24 16:50:25,533 - test_Payments - INFO - 测试完成
2019-04-24 16:50:25,533 - test_Payments - INFO - 测试完成
2019-04-24 16:50:40,188 - test_Payments - INFO - 测试完成
2019-04-24 16:50:40,188 - test_Payments - INFO - 测试完成
2019-04-24 16:50:40,188 - test_Payments - INFO - 测试完成
2019-04-24 16:50:40,188 - test_Payments - INFO - 测试完成
2019-04-24 16:50:40,188 - test_Payments - INFO - 测试完成
2019-04-24 16:50:40,188 - test_Payments - INFO - 测试完成
2019-04-24 16:50:40,188 - test_Payments - INFO - 测试完成
2019-04-24 16:50:40,188 - test_Payments - INFO - 测试完成
2019-04-24 16:50:40,653 - test_RedPackets - INFO - 测试完成
2019-04-24 16:50:40,653 - test_RedPackets - INFO - 测试完成
2019-04-24 16:50:43,786 - test_SecurityCenters - INFO - 测试完成
2019-04-24 16:50:43,787 - test_SecurityCenters - INFO - 测试完成
2019-04-24 16:50:44,556 - test_ShippingAddresses - INFO - 测试完成
2019-04-24 16:50:45,306 - test_Squares - INFO - 测试完成
2019-04-24 16:51:02,659 - test_Payments - INFO - 测试完成
2019-04-24 16:51:02,659 - test_Payments - INFO - 测试完成
2019-04-24 16:51:02,659 - test_Payments - INFO - 测试完成
2019-04-24 16:51:02,659 - test_Payments - INFO - 测试完成
2019-04-24 16:51:02,659 - test_Payments - INFO - 测试完成
2019-04-24 16:51:02,659 - test_Payments - INFO - 测试完成
2019-04-24 16:51:02,659 - test_Payments - INFO - 测试完成
2019-04-24 16:51:02,659 - test_Payments - INFO - 测试完成
2019-04-24 16:51:22,586 - test_Payments - INFO - 测试完成
2019-04-24 16:51:22,586 - test_Payments - INFO - 测试完成
2019-04-24 16:51:22,586 - test_Payments - INFO - 测试完成
2019-04-24 16:51:22,586 - test_Payments - INFO - 测试完成
2019-04-24 16:51:22,586 - test_Payments - INFO - 测试完成
2019-04-24 16:51:22,586 - test_Payments - INFO - 测试完成
2019-04-24 16:51:22,586 - test_Payments - INFO - 测试完成
2019-04-24 16:51:22,586 - test_Payments - INFO - 测试完成
2019-04-24 16:51:23,224 - test_Welfares - INFO - 测试完成
2019-04-24 16:51:26,487 - test_withdrawDeposits - INFO - 测试完成
2019-04-24 16:51:26,487 - test_withdrawDeposits - INFO - 测试完成
