2019-04-03 17:26:30,153 - test_login - INFO - 登录，测试完成
2019-04-03 17:26:30,153 - test_login - INFO - 登录，测试完成
2019-04-03 17:26:37,123 - test_AddLuckys - INFO - 测试完成
2019-04-03 17:26:37,154 - test_login - INFO - 登录，测试完成
2019-04-03 17:26:37,154 - test_login - INFO - 登录，测试完成
2019-04-03 17:26:37,208 - test_login - INFO - 登录，测试完成
2019-04-03 17:26:37,208 - test_login - INFO - 登录，测试完成
2019-04-03 17:26:42,835 - test_AddPasswords - INFO - 测试完成
2019-04-03 17:26:42,868 - test_login - INFO - 登录，测试完成
2019-04-03 17:26:42,868 - test_login - INFO - 登录，测试完成
2019-04-03 17:26:42,899 - test_login - INFO - 登录，测试完成
2019-04-03 17:26:42,899 - test_login - INFO - 登录，测试完成
2019-04-03 17:26:43,939 - test_Collects - INFO - 测试完成
2019-04-03 17:26:43,967 - test_login - INFO - 登录，测试完成
2019-04-03 17:26:43,967 - test_login - INFO - 登录，测试完成
2019-04-03 17:26:43,993 - test_login - INFO - 登录，测试完成
2019-04-03 17:26:43,993 - test_login - INFO - 登录，测试完成
2019-04-03 17:26:44,270 - test_Comments - INFO - 测试完成
2019-04-03 17:26:44,299 - test_login - INFO - 登录，测试完成
2019-04-03 17:26:44,299 - test_login - INFO - 登录，测试完成
2019-04-03 17:26:44,329 - test_login - INFO - 登录，测试完成
2019-04-03 17:26:44,329 - test_login - INFO - 登录，测试完成
2019-04-03 17:26:45,832 - test_Ewms - INFO - 测试完成
2019-04-03 17:26:45,859 - test_login - INFO - 登录，测试完成
2019-04-03 17:26:45,859 - test_login - INFO - 登录，测试完成
2019-04-03 17:26:45,889 - test_login - INFO - 登录，测试完成
2019-04-03 17:26:45,889 - test_login - INFO - 登录，测试完成
2019-04-03 17:26:46,183 - test_Feedbacks - INFO - 测试完成
2019-04-03 17:26:46,211 - test_login - INFO - 登录，测试完成
2019-04-03 17:26:46,211 - test_login - INFO - 登录，测试完成
2019-04-03 17:26:46,244 - test_login - INFO - 登录，测试完成
2019-04-03 17:26:46,244 - test_login - INFO - 登录，测试完成
2019-04-03 17:26:49,194 - test_Informations - INFO - 测试完成
2019-04-03 17:26:49,223 - test_login - INFO - 登录，测试完成
2019-04-03 17:26:49,223 - test_login - INFO - 登录，测试完成
2019-04-03 17:26:49,270 - test_login - INFO - 登录，测试完成
2019-04-03 17:26:49,270 - test_login - INFO - 登录，测试完成
2019-04-03 17:26:49,295 - test_login - INFO - 登录，测试完成
2019-04-03 17:26:49,295 - test_login - INFO - 登录，测试完成
2019-04-03 17:26:49,590 - test_Messages - INFO - 测试完成
2019-04-03 17:26:49,620 - test_login - INFO - 登录，测试完成
2019-04-03 17:26:49,620 - test_login - INFO - 登录，测试完成
2019-04-03 17:26:49,648 - test_login - INFO - 登录，测试完成
2019-04-03 17:26:49,648 - test_login - INFO - 登录，测试完成
2019-04-03 17:26:49,994 - test_MyCitys - INFO - 测试完成
2019-04-03 17:26:50,022 - test_login - INFO - 登录，测试完成
2019-04-03 17:26:50,022 - test_login - INFO - 登录，测试完成
2019-04-03 17:26:50,053 - test_login - INFO - 登录，测试完成
2019-04-03 17:26:50,053 - test_login - INFO - 登录，测试完成
2019-04-03 17:26:51,588 - test_My_advertisings - INFO - 测试完成
2019-04-03 17:26:51,616 - test_login - INFO - 登录，测试完成
2019-04-03 17:26:51,616 - test_login - INFO - 登录，测试完成
2019-04-03 17:26:51,646 - test_login - INFO - 登录，测试完成
2019-04-03 17:26:51,646 - test_login - INFO - 登录，测试完成
2019-04-03 17:26:52,257 - test_MyKsbs - INFO - 测试完成
2019-04-03 17:26:52,286 - test_login - INFO - 登录，测试完成
2019-04-03 17:26:52,286 - test_login - INFO - 登录，测试完成
2019-04-03 17:26:52,327 - test_login - INFO - 登录，测试完成
2019-04-03 17:26:52,327 - test_login - INFO - 登录，测试完成
2019-04-03 17:26:53,989 - test_Payments - INFO - 测试完成
2019-04-03 17:26:53,989 - test_Payments - INFO - 测试完成
2019-04-03 17:26:54,018 - test_login - INFO - 登录，测试完成
2019-04-03 17:26:54,018 - test_login - INFO - 登录，测试完成
2019-04-03 17:26:54,045 - test_login - INFO - 登录，测试完成
2019-04-03 17:26:54,045 - test_login - INFO - 登录，测试完成
2019-04-03 17:27:00,908 - test_Payments - INFO - 测试完成
2019-04-03 17:27:00,908 - test_Payments - INFO - 测试完成
2019-04-03 17:27:00,940 - test_login - INFO - 登录，测试完成
2019-04-03 17:27:00,940 - test_login - INFO - 登录，测试完成
2019-04-03 17:27:00,967 - test_login - INFO - 登录，测试完成
2019-04-03 17:27:00,967 - test_login - INFO - 登录，测试完成
2019-04-03 17:27:01,581 - test_RedPackets - INFO - 测试完成
2019-04-03 17:27:01,611 - test_login - INFO - 登录，测试完成
2019-04-03 17:27:01,611 - test_login - INFO - 登录，测试完成
2019-04-03 17:27:01,637 - test_login - INFO - 登录，测试完成
2019-04-03 17:27:01,637 - test_login - INFO - 登录，测试完成
2019-04-03 17:27:03,411 - test_SecurityCenters - INFO - 测试完成
2019-04-03 17:27:03,441 - test_login - INFO - 登录，测试完成
2019-04-03 17:27:03,441 - test_login - INFO - 登录，测试完成
2019-04-03 17:27:03,467 - test_login - INFO - 登录，测试完成
2019-04-03 17:27:03,467 - test_login - INFO - 登录，测试完成
2019-04-03 17:27:03,705 - test_login - INFO - 登录，测试完成
2019-04-03 17:27:03,705 - test_login - INFO - 登录，测试完成
2019-04-03 17:27:03,736 - test_login - INFO - 登录，测试完成
2019-04-03 17:27:03,736 - test_login - INFO - 登录，测试完成
2019-04-03 17:27:04,043 - test_Squares - INFO - 测试完成
2019-04-03 17:27:04,069 - test_login - INFO - 登录，测试完成
2019-04-03 17:27:04,069 - test_login - INFO - 登录，测试完成
2019-04-03 17:27:04,100 - test_login - INFO - 登录，测试完成
2019-04-03 17:27:04,100 - test_login - INFO - 登录，测试完成
2019-04-03 17:27:04,401 - test_Welfares - INFO - 测试完成
2019-04-03 17:27:04,430 - test_login - INFO - 登录，测试完成
2019-04-03 17:27:04,430 - test_login - INFO - 登录，测试完成
